#-----------------------------------------------------------
# Vivado v2018.3 (64-bit)
# SW Build 2405991 on Thu Dec  6 23:38:27 MST 2018
# IP Build 2404404 on Fri Dec  7 01:43:56 MST 2018
# Start of session at: Mon Nov 25 00:19:10 2024
# Process ID: 10192
# Current directory: D:/09_My_Document/FPGACT137X/my_code/100_sim2
# Command line: vivado.exe -gui_launcher_event rodinguilauncherevent4144 D:\09_My_Document\FPGACT137X\my_code\100_sim2\100_sim2.xpr
# Log file: D:/09_My_Document/FPGACT137X/my_code/100_sim2/vivado.log
# Journal file: D:/09_My_Document/FPGACT137X/my_code/100_sim2\vivado.jou
#-----------------------------------------------------------
start_gui
open_project D:/09_My_Document/FPGACT137X/my_code/100_sim2/100_sim2.xpr
Scanning sources...
Finished scanning sources
INFO: [IP_Flow 19-234] Refreshing IP repositories
INFO: [IP_Flow 19-1704] No user IP repositories specified
INFO: [IP_Flow 19-2313] Loaded Vivado IP repository 'D:/01_Sdk/vivado/Vivado/2018.3/data/ip'.
open_project: Time (s): cpu = 00:00:11 ; elapsed = 00:00:06 . Memory (MB): peak = 792.574 ; gain = 166.934
update_compile_order -fileset sources_1
exit
INFO: [Common 17-206] Exiting Vivado at Mon Nov 25 00:20:03 2024...
