#-----------------------------------------------------------
# Vivado v2018.3 (64-bit)
# SW Build 2405991 on Thu Dec  6 23:38:27 MST 2018
# IP Build 2404404 on Fri Dec  7 01:43:56 MST 2018
# Start of session at: Mon Dec  2 23:55:05 2024
# Process ID: 2264
# Current directory: D:/09_My_Document/01_Competition_about/fpga/FPGACT137X/my_code/100_sim2
# Command line: vivado.exe -gui_launcher_event rodinguilauncherevent15844 D:\09_My_Document\01_Competition_about\fpga\FPGACT137X\my_code\100_sim2\100_sim2.xpr
# Log file: D:/09_My_Document/01_Competition_about/fpga/FPGACT137X/my_code/100_sim2/vivado.log
# Journal file: D:/09_My_Document/01_Competition_about/fpga/FPGACT137X/my_code/100_sim2\vivado.jou
#-----------------------------------------------------------
start_gui
open_project D:/09_My_Document/01_Competition_about/fpga/FPGACT137X/my_code/100_sim2/100_sim2.xpr
INFO: [Project 1-313] Project file moved from 'D:/09_My_Document/FPGACT137X/my_code/100_sim2' since last save.
Scanning sources...
Finished scanning sources
INFO: [IP_Flow 19-234] Refreshing IP repositories
INFO: [IP_Flow 19-1704] No user IP repositories specified
INFO: [IP_Flow 19-2313] Loaded Vivado IP repository 'D:/01_Sdk/vivado/Vivado/2018.3/data/ip'.
open_project: Time (s): cpu = 00:00:12 ; elapsed = 00:00:10 . Memory (MB): peak = 934.223 ; gain = 67.520
update_compile_order -fileset sources_1
config_webtalk -user on
