#-----------------------------------------------------------
# Vivado v2018.3 (64-bit)
# SW Build 2405991 on Thu Dec  6 23:38:27 MST 2018
# IP Build 2404404 on Fri Dec  7 01:43:56 MST 2018
# Start of session at: Fri Dec  6 23:21:59 2024
# Process ID: 12384
# Current directory: D:/09_My_Document/01_Competition_about/fpga/FPGACT137X/my_code/100_sim2WithE2prom
# Command line: vivado.exe -gui_launcher_event rodinguilauncherevent7504 D:\09_My_Document\01_Competition_about\fpga\FPGACT137X\my_code\100_sim2WithE2prom\100_sim2.xpr
# Log file: D:/09_My_Document/01_Competition_about/fpga/FPGACT137X/my_code/100_sim2WithE2prom/vivado.log
# Journal file: D:/09_My_Document/01_Competition_about/fpga/FPGACT137X/my_code/100_sim2WithE2prom\vivado.jou
#-----------------------------------------------------------
Sourcing tcl script 'D:/01_Sdk/vivado/Vivado/2018.3/scripts/Vivado_init.tcl'
start_gui
open_project D:/09_My_Document/01_Competition_about/fpga/FPGACT137X/my_code/100_sim2WithE2prom/100_sim2.xpr
INFO: [ProjectBase 1-489] The host OS only allows 260 characters in a normal path. The project is stored in a path with more than 80 characters. If you experience issues with IP, Block Designs, or files not being found, please consider moving the project to a location with a shorter path. Alternately consider using the OS subst command to map part of the path to a drive letter.
Current project path is 'D:/09_My_Document/01_Competition_about/fpga/FPGACT137X/my_code/100_sim2WithE2prom'
INFO: [Project 1-313] Project file moved from 'D:/09_My_Document/01_Competition_about/fpga/FPGACT137X/my_code/100_sim2' since last save.
Scanning sources...
Finished scanning sources
INFO: [IP_Flow 19-234] Refreshing IP repositories
INFO: [IP_Flow 19-1704] No user IP repositories specified
INFO: [IP_Flow 19-2313] Loaded Vivado IP repository 'D:/01_Sdk/vivado/Vivado/2018.3/data/ip'.
open_project: Time (s): cpu = 00:00:14 ; elapsed = 00:00:07 . Memory (MB): peak = 814.914 ; gain = 185.422
update_compile_order -fileset sources_1
close [ open D:/09_My_Document/01_Competition_about/fpga/FPGACT137X/my_code/100_sim2WithE2prom/100_sim2.srcs/sources_1/new/e2prom.v w ]
add_files D:/09_My_Document/01_Competition_about/fpga/FPGACT137X/my_code/100_sim2WithE2prom/100_sim2.srcs/sources_1/new/e2prom.v
close [ open D:/09_My_Document/01_Competition_about/fpga/FPGACT137X/my_code/100_sim2WithE2prom/100_sim2.srcs/sources_1/new/i2c.v w ]
add_files D:/09_My_Document/01_Competition_about/fpga/FPGACT137X/my_code/100_sim2WithE2prom/100_sim2.srcs/sources_1/new/i2c.v
update_compile_order -fileset sources_1
update_compile_order -fileset sources_1
reset_run synth_1
WARNING: [Vivado 12-1017] Problems encountered:
1. Failed to delete one or more files in run directory D:/09_My_Document/01_Competition_about/fpga/FPGACT137X/my_code/100_sim2WithE2prom/100_sim2.runs/synth_1

launch_runs synth_1 -jobs 12
[Fri Dec  6 23:31:10 2024] Launched synth_1...
Run output will be captured here: D:/09_My_Document/01_Competition_about/fpga/FPGACT137X/my_code/100_sim2WithE2prom/100_sim2.runs/synth_1/runme.log
launch_runs impl_1 -jobs 12
[Fri Dec  6 23:31:42 2024] Launched impl_1...
Run output will be captured here: D:/09_My_Document/01_Competition_about/fpga/FPGACT137X/my_code/100_sim2WithE2prom/100_sim2.runs/impl_1/runme.log
exit
INFO: [Common 17-206] Exiting Vivado at Fri Dec  6 23:48:32 2024...
