#-----------------------------------------------------------
# Vivado v2018.3 (64-bit)
# SW Build 2405991 on Thu Dec  6 23:38:27 MST 2018
# IP Build 2404404 on Fri Dec  7 01:43:56 MST 2018
# Start of session at: Sat Dec  7 17:11:25 2024
# Process ID: 25756
# Current directory: D:/01_my_document/desktop/01_contest_about/FPGACT137X/my_code/009_at24c02_WandR
# Command line: vivado.exe -gui_launcher_event rodinguilauncherevent13500 D:\01_my_document\desktop\01_contest_about\FPGACT137X\my_code\009_at24c02_WandR\009_at24c02.xpr
# Log file: D:/01_my_document/desktop/01_contest_about/FPGACT137X/my_code/009_at24c02_WandR/vivado.log
# Journal file: D:/01_my_document/desktop/01_contest_about/FPGACT137X/my_code/009_at24c02_WandR\vivado.jou
#-----------------------------------------------------------
Sourcing tcl script 'D:/02_SDK2/Vivado/Vivado/2018.3/scripts/Vivado_init.tcl'
start_gui
open_project D:/01_my_document/desktop/01_contest_about/FPGACT137X/my_code/009_at24c02_WandR/009_at24c02.xpr
INFO: [Project 1-313] Project file moved from 'D:/01_my_document/desktop/01_contest_about/FPGACT137X/my_code/009_at24c02' since last save.
Scanning sources...
Finished scanning sources
INFO: [IP_Flow 19-234] Refreshing IP repositories
INFO: [IP_Flow 19-1704] No user IP repositories specified
INFO: [IP_Flow 19-2313] Loaded Vivado IP repository 'D:/02_SDK2/Vivado/Vivado/2018.3/data/ip'.
open_project: Time (s): cpu = 00:00:06 ; elapsed = 00:00:05 . Memory (MB): peak = 842.508 ; gain = 192.656
update_compile_order -fileset sources_1
reset_run synth_1
launch_runs impl_1 -to_step write_bitstream -jobs 8
[Sat Dec  7 17:14:06 2024] Launched synth_1...
Run output will be captured here: D:/01_my_document/desktop/01_contest_about/FPGACT137X/my_code/009_at24c02_WandR/009_at24c02.runs/synth_1/runme.log
[Sat Dec  7 17:14:06 2024] Launched impl_1...
Run output will be captured here: D:/01_my_document/desktop/01_contest_about/FPGACT137X/my_code/009_at24c02_WandR/009_at24c02.runs/impl_1/runme.log
open_hw
connect_hw_server
INFO: [Labtools 27-2285] Connecting to hw_server url TCP:localhost:3121
INFO: [Labtools 27-2222] Launching hw_server...
INFO: [Labtools 27-2221] Launch Output:

****** Xilinx hw_server v2018.3
  **** Build date : Dec  7 2018-00:40:27
    ** Copyright 1986-2018 Xilinx, Inc. All Rights Reserved.


open_hw_target
INFO: [Labtoolstcl 44-466] Opening hw_target localhost:3121/xilinx_tcf/Digilent/883210A5A5322
set_property PROGRAM.FILE {D:/01_my_document/desktop/01_contest_about/FPGACT137X/my_code/009_at24c02_WandR/009_at24c02.runs/impl_1/top.bit} [get_hw_devices xc7s6_0]
current_hw_device [get_hw_devices xc7s6_0]
refresh_hw_device -update_hw_probes false [lindex [get_hw_devices xc7s6_0] 0]
INFO: [Labtools 27-1434] Device xc7s6 (JTAG device index = 0) is programmed with a design that has no supported debug core(s) in it.
create_hw_cfgmem -hw_device [get_hw_devices xc7s6_0] -mem_dev [lindex [get_cfgmem_parts {w25q128bv-spi-x1_x2_x4}] 0]
set_property PROBES.FILE {} [get_hw_devices xc7s6_0]
set_property FULL_PROBES.FILE {} [get_hw_devices xc7s6_0]
set_property PROGRAM.FILE {D:/01_my_document/desktop/01_contest_about/FPGACT137X/my_code/009_at24c02_WandR/009_at24c02.runs/impl_1/top.bit} [get_hw_devices xc7s6_0]
program_hw_devices [get_hw_devices xc7s6_0]
INFO: [Labtools 27-3164] End of startup status: HIGH
refresh_hw_device [lindex [get_hw_devices xc7s6_0] 0]
INFO: [Labtools 27-1434] Device xc7s6 (JTAG device index = 0) is programmed with a design that has no supported debug core(s) in it.
set_property PROBES.FILE {} [get_hw_devices xc7s6_0]
set_property FULL_PROBES.FILE {} [get_hw_devices xc7s6_0]
set_property PROGRAM.FILE {D:/01_my_document/desktop/01_contest_about/FPGACT137X/my_code/009_at24c02_WandR/009_at24c02.runs/impl_1/top.bit} [get_hw_devices xc7s6_0]
program_hw_devices [get_hw_devices xc7s6_0]
INFO: [Labtools 27-3164] End of startup status: HIGH
refresh_hw_device [lindex [get_hw_devices xc7s6_0] 0]
INFO: [Labtools 27-1434] Device xc7s6 (JTAG device index = 0) is programmed with a design that has no supported debug core(s) in it.
set_property PROBES.FILE {} [get_hw_devices xc7s6_0]
set_property FULL_PROBES.FILE {} [get_hw_devices xc7s6_0]
set_property PROGRAM.FILE {D:/01_my_document/desktop/01_contest_about/FPGACT137X/my_code/009_at24c02_WandR/009_at24c02.runs/impl_1/top.bit} [get_hw_devices xc7s6_0]
program_hw_devices [get_hw_devices xc7s6_0]
INFO: [Labtools 27-3164] End of startup status: HIGH
refresh_hw_device [lindex [get_hw_devices xc7s6_0] 0]
INFO: [Labtools 27-1434] Device xc7s6 (JTAG device index = 0) is programmed with a design that has no supported debug core(s) in it.
reset_run synth_1
launch_runs impl_1 -to_step write_bitstream -jobs 8
[Sat Dec  7 17:19:45 2024] Launched synth_1...
Run output will be captured here: D:/01_my_document/desktop/01_contest_about/FPGACT137X/my_code/009_at24c02_WandR/009_at24c02.runs/synth_1/runme.log
[Sat Dec  7 17:19:45 2024] Launched impl_1...
Run output will be captured here: D:/01_my_document/desktop/01_contest_about/FPGACT137X/my_code/009_at24c02_WandR/009_at24c02.runs/impl_1/runme.log
set_property PROBES.FILE {} [get_hw_devices xc7s6_0]
set_property FULL_PROBES.FILE {} [get_hw_devices xc7s6_0]
set_property PROGRAM.FILE {D:/01_my_document/desktop/01_contest_about/FPGACT137X/my_code/009_at24c02_WandR/009_at24c02.runs/impl_1/top.bit} [get_hw_devices xc7s6_0]
program_hw_devices [get_hw_devices xc7s6_0]
INFO: [Labtools 27-3164] End of startup status: HIGH
refresh_hw_device [lindex [get_hw_devices xc7s6_0] 0]
INFO: [Labtools 27-1434] Device xc7s6 (JTAG device index = 0) is programmed with a design that has no supported debug core(s) in it.
reset_run synth_1
launch_runs impl_1 -to_step write_bitstream -jobs 8
[Sat Dec  7 17:29:06 2024] Launched synth_1...
Run output will be captured here: D:/01_my_document/desktop/01_contest_about/FPGACT137X/my_code/009_at24c02_WandR/009_at24c02.runs/synth_1/runme.log
[Sat Dec  7 17:29:06 2024] Launched impl_1...
Run output will be captured here: D:/01_my_document/desktop/01_contest_about/FPGACT137X/my_code/009_at24c02_WandR/009_at24c02.runs/impl_1/runme.log
set_property PROBES.FILE {} [get_hw_devices xc7s6_0]
set_property FULL_PROBES.FILE {} [get_hw_devices xc7s6_0]
set_property PROGRAM.FILE {D:/01_my_document/desktop/01_contest_about/FPGACT137X/my_code/009_at24c02_WandR/009_at24c02.runs/impl_1/top.bit} [get_hw_devices xc7s6_0]
program_hw_devices [get_hw_devices xc7s6_0]
INFO: [Labtools 27-3164] End of startup status: HIGH
refresh_hw_device [lindex [get_hw_devices xc7s6_0] 0]
INFO: [Labtools 27-1434] Device xc7s6 (JTAG device index = 0) is programmed with a design that has no supported debug core(s) in it.
reset_run synth_1
launch_runs impl_1 -to_step write_bitstream -jobs 8
[Sat Dec  7 17:33:25 2024] Launched synth_1...
Run output will be captured here: D:/01_my_document/desktop/01_contest_about/FPGACT137X/my_code/009_at24c02_WandR/009_at24c02.runs/synth_1/runme.log
[Sat Dec  7 17:33:25 2024] Launched impl_1...
Run output will be captured here: D:/01_my_document/desktop/01_contest_about/FPGACT137X/my_code/009_at24c02_WandR/009_at24c02.runs/impl_1/runme.log
set_property PROBES.FILE {} [get_hw_devices xc7s6_0]
set_property FULL_PROBES.FILE {} [get_hw_devices xc7s6_0]
set_property PROGRAM.FILE {D:/01_my_document/desktop/01_contest_about/FPGACT137X/my_code/009_at24c02_WandR/009_at24c02.runs/impl_1/top.bit} [get_hw_devices xc7s6_0]
program_hw_devices [get_hw_devices xc7s6_0]
INFO: [Labtools 27-3164] End of startup status: HIGH
refresh_hw_device [lindex [get_hw_devices xc7s6_0] 0]
INFO: [Labtools 27-1434] Device xc7s6 (JTAG device index = 0) is programmed with a design that has no supported debug core(s) in it.
reset_run synth_1
launch_runs impl_1 -to_step write_bitstream -jobs 8
[Sat Dec  7 17:36:46 2024] Launched synth_1...
Run output will be captured here: D:/01_my_document/desktop/01_contest_about/FPGACT137X/my_code/009_at24c02_WandR/009_at24c02.runs/synth_1/runme.log
[Sat Dec  7 17:36:46 2024] Launched impl_1...
Run output will be captured here: D:/01_my_document/desktop/01_contest_about/FPGACT137X/my_code/009_at24c02_WandR/009_at24c02.runs/impl_1/runme.log
set_property PROBES.FILE {} [get_hw_devices xc7s6_0]
set_property FULL_PROBES.FILE {} [get_hw_devices xc7s6_0]
set_property PROGRAM.FILE {D:/01_my_document/desktop/01_contest_about/FPGACT137X/my_code/009_at24c02_WandR/009_at24c02.runs/impl_1/top.bit} [get_hw_devices xc7s6_0]
program_hw_devices [get_hw_devices xc7s6_0]
INFO: [Labtools 27-3164] End of startup status: HIGH
refresh_hw_device [lindex [get_hw_devices xc7s6_0] 0]
INFO: [Labtools 27-1434] Device xc7s6 (JTAG device index = 0) is programmed with a design that has no supported debug core(s) in it.
exit
INFO: [Common 17-206] Exiting Vivado at Sat Dec  7 17:38:18 2024...
