#-----------------------------------------------------------
# Vivado v2018.3 (64-bit)
# SW Build 2405991 on Thu Dec  6 23:38:27 MST 2018
# IP Build 2404404 on Fri Dec  7 01:43:56 MST 2018
# Start of session at: Fri Dec  6 14:22:56 2024
# Process ID: 21260
# Current directory: D:/01_my_document/desktop/01_contest_about/FPGACT137X/my_code/009_at24c02
# Command line: vivado.exe -gui_launcher_event rodinguilauncherevent11276 D:\01_my_document\desktop\01_contest_about\FPGACT137X\my_code\009_at24c02\009_at24c02.xpr
# Log file: D:/01_my_document/desktop/01_contest_about/FPGACT137X/my_code/009_at24c02/vivado.log
# Journal file: D:/01_my_document/desktop/01_contest_about/FPGACT137X/my_code/009_at24c02\vivado.jou
#-----------------------------------------------------------
Sourcing tcl script 'D:/02_SDK2/Vivado/Vivado/2018.3/scripts/Vivado_init.tcl'
start_gui
open_project D:/01_my_document/desktop/01_contest_about/FPGACT137X/my_code/009_at24c02/009_at24c02.xpr
Scanning sources...
Finished scanning sources
INFO: [IP_Flow 19-234] Refreshing IP repositories
INFO: [IP_Flow 19-1704] No user IP repositories specified
INFO: [IP_Flow 19-2313] Loaded Vivado IP repository 'D:/02_SDK2/Vivado/Vivado/2018.3/data/ip'.
open_project: Time (s): cpu = 00:00:05 ; elapsed = 00:00:05 . Memory (MB): peak = 826.949 ; gain = 158.820
update_compile_order -fileset sources_1
get_param  general.maxThreads
8
reset_run synth_1
WARNING: [Vivado 12-1017] Problems encountered:
1. Failed to delete one or more files in run directory D:/01_my_document/desktop/01_contest_about/FPGACT137X/my_code/009_at24c02/009_at24c02.runs/synth_1

launch_runs synth_1 -jobs 8
[Fri Dec  6 14:23:35 2024] Launched synth_1...
Run output will be captured here: D:/01_my_document/desktop/01_contest_about/FPGACT137X/my_code/009_at24c02/009_at24c02.runs/synth_1/runme.log
launch_runs impl_1 -jobs 8
[Fri Dec  6 14:24:04 2024] Launched impl_1...
Run output will be captured here: D:/01_my_document/desktop/01_contest_about/FPGACT137X/my_code/009_at24c02/009_at24c02.runs/impl_1/runme.log
open_hw
launch_runs impl_1 -to_step write_bitstream -jobs 8
[Fri Dec  6 14:25:54 2024] Launched impl_1...
Run output will be captured here: D:/01_my_document/desktop/01_contest_about/FPGACT137X/my_code/009_at24c02/009_at24c02.runs/impl_1/runme.log
write_cfgmem  -format mcs -size 128 -interface SPIx4 -loadbit {up 0x00000000 "D:/01_my_document/desktop/01_contest_about/FPGACT137X/my_code/009_at24c02/009_at24c02.runs/impl_1/top.bit" } -checksum -force -disablebitswap -file "D:/01_my_document/desktop/01_contest_about/FPGACT137X/my_code/009_at24c02/009_at24c02.runs/impl_1/e2prom.mcs"
Command: write_cfgmem -format mcs -size 128 -interface SPIx4 -loadbit {up 0x00000000 "D:/01_my_document/desktop/01_contest_about/FPGACT137X/my_code/009_at24c02/009_at24c02.runs/impl_1/top.bit" } -checksum -force -disablebitswap -file D:/01_my_document/desktop/01_contest_about/FPGACT137X/my_code/009_at24c02/009_at24c02.runs/impl_1/e2prom.mcs
Creating config memory files...
Creating bitstream load up from address 0x00000000
Loading bitfile D:/01_my_document/desktop/01_contest_about/FPGACT137X/my_code/009_at24c02/009_at24c02.runs/impl_1/top.bit
ERROR: [Writecfgmem 68-20] SPI_BUSWIDTH property is set to "1" on bitfile D:/01_my_document/desktop/01_contest_about/FPGACT137X/my_code/009_at24c02/009_at24c02.runs/impl_1/top.bit. This property has to be set to "4" to generate a configuration memory file for the SPIX4 interface. Please ensure that a valid value has been set for the property BITSTREAM.Config.SPI_buswidth and rerun this command.
0 Infos, 0 Warnings, 0 Critical Warnings and 1 Errors encountered.
write_cfgmem failed
ERROR: [Common 17-39] 'write_cfgmem' failed due to earlier errors.
write_cfgmem  -format mcs -size 128 -interface SPIx1 -loadbit {up 0x00000000 "D:/01_my_document/desktop/01_contest_about/FPGACT137X/my_code/009_at24c02/009_at24c02.runs/impl_1/top.bit" } -checksum -force -disablebitswap -file "D:/01_my_document/desktop/01_contest_about/FPGACT137X/my_code/009_at24c02/009_at24c02.runs/impl_1/e2prom.mcs"
Command: write_cfgmem -format mcs -size 128 -interface SPIx1 -loadbit {up 0x00000000 "D:/01_my_document/desktop/01_contest_about/FPGACT137X/my_code/009_at24c02/009_at24c02.runs/impl_1/top.bit" } -checksum -force -disablebitswap -file D:/01_my_document/desktop/01_contest_about/FPGACT137X/my_code/009_at24c02/009_at24c02.runs/impl_1/e2prom.mcs
Creating config memory files...
Creating bitstream load up from address 0x00000000
Loading bitfile D:/01_my_document/desktop/01_contest_about/FPGACT137X/my_code/009_at24c02/009_at24c02.runs/impl_1/top.bit
Writing file D:/01_my_document/desktop/01_contest_about/FPGACT137X/my_code/009_at24c02/009_at24c02.runs/impl_1/e2prom.mcs
Writing log file D:/01_my_document/desktop/01_contest_about/FPGACT137X/my_code/009_at24c02/009_at24c02.runs/impl_1/e2prom.prm
===================================
Configuration Memory information
===================================
File Format        MCS
Interface          SPIX1
Size               128M
Start Address      0x00000000
End Address        0x07FFFFFF
Checksum           0xEFD599E5
Fill Value         0xFF

Addr1         Addr2         Date                    File(s)                                                                                                      Checksum
0x00000000    0x000838DB    Dec  6 14:26:28 2024    D:/01_my_document/desktop/01_contest_about/FPGACT137X/my_code/009_at24c02/009_at24c02.runs/impl_1/top.bit    0x00063D09
File Checksum Total                                                                                                                                              0x00063D09
0 Infos, 0 Warnings, 0 Critical Warnings and 0 Errors encountered.
write_cfgmem completed successfully
connect_hw_server
INFO: [Labtools 27-2285] Connecting to hw_server url TCP:localhost:3121
INFO: [Labtools 27-2222] Launching hw_server...
INFO: [Labtools 27-2221] Launch Output:

****** Xilinx hw_server v2018.3
  **** Build date : Dec  7 2018-00:40:27
    ** Copyright 1986-2018 Xilinx, Inc. All Rights Reserved.


open_hw_target
INFO: [Labtoolstcl 44-466] Opening hw_target localhost:3121/xilinx_tcf/Digilent/883210A5A5322
set_property PROGRAM.FILE {D:/01_my_document/desktop/01_contest_about/FPGACT137X/my_code/009_at24c02/009_at24c02.runs/impl_1/top.bit} [get_hw_devices xc7s6_0]
current_hw_device [get_hw_devices xc7s6_0]
refresh_hw_device -update_hw_probes false [lindex [get_hw_devices xc7s6_0] 0]
INFO: [Labtools 27-1434] Device xc7s6 (JTAG device index = 0) is programmed with a design that has no supported debug core(s) in it.
create_hw_cfgmem -hw_device [lindex [get_hw_devices xc7s6_0] 0] [lindex [get_cfgmem_parts {w25q128bv-spi-x1_x2_x4}] 0]
set_property PROGRAM.BLANK_CHECK  0 [ get_property PROGRAM.HW_CFGMEM [lindex [get_hw_devices xc7s6_0] 0]]
set_property PROGRAM.ERASE  1 [ get_property PROGRAM.HW_CFGMEM [lindex [get_hw_devices xc7s6_0] 0]]
set_property PROGRAM.CFG_PROGRAM  1 [ get_property PROGRAM.HW_CFGMEM [lindex [get_hw_devices xc7s6_0] 0]]
set_property PROGRAM.VERIFY  1 [ get_property PROGRAM.HW_CFGMEM [lindex [get_hw_devices xc7s6_0] 0]]
set_property PROGRAM.CHECKSUM  0 [ get_property PROGRAM.HW_CFGMEM [lindex [get_hw_devices xc7s6_0] 0]]
refresh_hw_device [lindex [get_hw_devices xc7s6_0] 0]
INFO: [Labtools 27-1434] Device xc7s6 (JTAG device index = 0) is programmed with a design that has no supported debug core(s) in it.
set_property PROGRAM.ADDRESS_RANGE  {use_file} [ get_property PROGRAM.HW_CFGMEM [lindex [get_hw_devices xc7s6_0] 0]]
set_property PROGRAM.FILES [list "D:/01_my_document/desktop/01_contest_about/FPGACT137X/my_code/009_at24c02/009_at24c02.runs/impl_1/e2prom.mcs" ] [ get_property PROGRAM.HW_CFGMEM [lindex [get_hw_devices xc7s6_0] 0]]
set_property PROGRAM.PRM_FILE {} [ get_property PROGRAM.HW_CFGMEM [lindex [get_hw_devices xc7s6_0] 0]]
set_property PROGRAM.UNUSED_PIN_TERMINATION {pull-none} [ get_property PROGRAM.HW_CFGMEM [lindex [get_hw_devices xc7s6_0] 0]]
set_property PROGRAM.BLANK_CHECK  0 [ get_property PROGRAM.HW_CFGMEM [lindex [get_hw_devices xc7s6_0] 0]]
set_property PROGRAM.ERASE  1 [ get_property PROGRAM.HW_CFGMEM [lindex [get_hw_devices xc7s6_0] 0]]
set_property PROGRAM.CFG_PROGRAM  1 [ get_property PROGRAM.HW_CFGMEM [lindex [get_hw_devices xc7s6_0] 0]]
set_property PROGRAM.VERIFY  1 [ get_property PROGRAM.HW_CFGMEM [lindex [get_hw_devices xc7s6_0] 0]]
set_property PROGRAM.CHECKSUM  0 [ get_property PROGRAM.HW_CFGMEM [lindex [get_hw_devices xc7s6_0] 0]]
startgroup 
create_hw_bitstream -hw_device [lindex [get_hw_devices xc7s6_0] 0] [get_property PROGRAM.HW_CFGMEM_BITFILE [ lindex [get_hw_devices xc7s6_0] 0]]; program_hw_devices [lindex [get_hw_devices xc7s6_0] 0]; refresh_hw_device [lindex [get_hw_devices xc7s6_0] 0];
INFO: [Labtools 27-3164] End of startup status: HIGH
INFO: [Labtools 27-2302] Device xc7s6 (JTAG device index = 0) is programmed with a design that has 1 SPI core(s).
program_hw_cfgmem -hw_cfgmem [ get_property PROGRAM.HW_CFGMEM [lindex [get_hw_devices xc7s6_0] 0]]
Mfg ID : ef   Memory Type : 40   Memory Capacity : 18   Device ID 1 : 0   Device ID 2 : 0
Performing Erase Operation...
Erase Operation successful.
Performing Program and Verify Operations...
Program/Verify Operation successful.
INFO: [Labtoolstcl 44-377] Flash programming completed successfully
program_hw_cfgmem: Time (s): cpu = 00:00:00 ; elapsed = 00:00:14 . Memory (MB): peak = 1987.723 ; gain = 0.000
endgroup
reset_run synth_1
WARNING: [Vivado 12-1017] Problems encountered:
1. Failed to delete one or more files in run directory D:/01_my_document/desktop/01_contest_about/FPGACT137X/my_code/009_at24c02/009_at24c02.runs/synth_1

launch_runs synth_1 -jobs 8
[Fri Dec  6 14:47:48 2024] Launched synth_1...
Run output will be captured here: D:/01_my_document/desktop/01_contest_about/FPGACT137X/my_code/009_at24c02/009_at24c02.runs/synth_1/runme.log
launch_runs impl_1 -jobs 8
[Fri Dec  6 14:48:17 2024] Launched impl_1...
Run output will be captured here: D:/01_my_document/desktop/01_contest_about/FPGACT137X/my_code/009_at24c02/009_at24c02.runs/impl_1/runme.log
launch_runs impl_1 -to_step write_bitstream -jobs 8
[Fri Dec  6 14:50:14 2024] Launched impl_1...
Run output will be captured here: D:/01_my_document/desktop/01_contest_about/FPGACT137X/my_code/009_at24c02/009_at24c02.runs/impl_1/runme.log
write_cfgmem  -format mcs -size 128 -interface SPIx1 -loadbit {up 0x00000000 "D:/01_my_document/desktop/01_contest_about/FPGACT137X/my_code/009_at24c02/009_at24c02.runs/impl_1/top.bit" } -checksum -force -disablebitswap -file "D:/01_my_document/desktop/01_contest_about/FPGACT137X/my_code/009_at24c02/009_at24c02.runs/impl_1/e2prom.mcs"
Command: write_cfgmem -format mcs -size 128 -interface SPIx1 -loadbit {up 0x00000000 "D:/01_my_document/desktop/01_contest_about/FPGACT137X/my_code/009_at24c02/009_at24c02.runs/impl_1/top.bit" } -checksum -force -disablebitswap -file D:/01_my_document/desktop/01_contest_about/FPGACT137X/my_code/009_at24c02/009_at24c02.runs/impl_1/e2prom.mcs
Creating config memory files...
Creating bitstream load up from address 0x00000000
Loading bitfile D:/01_my_document/desktop/01_contest_about/FPGACT137X/my_code/009_at24c02/009_at24c02.runs/impl_1/top.bit
Writing file D:/01_my_document/desktop/01_contest_about/FPGACT137X/my_code/009_at24c02/009_at24c02.runs/impl_1/e2prom.mcs
Writing log file D:/01_my_document/desktop/01_contest_about/FPGACT137X/my_code/009_at24c02/009_at24c02.runs/impl_1/e2prom.prm
===================================
Configuration Memory information
===================================
File Format        MCS
Interface          SPIX1
Size               128M
Start Address      0x00000000
End Address        0x07FFFFFF
Checksum           0xEFD5A9B4
Fill Value         0xFF

Addr1         Addr2         Date                    File(s)                                                                                                      Checksum
0x00000000    0x000838DB    Dec  6 14:50:48 2024    D:/01_my_document/desktop/01_contest_about/FPGACT137X/my_code/009_at24c02/009_at24c02.runs/impl_1/top.bit    0x00064CD8
File Checksum Total                                                                                                                                              0x00064CD8
0 Infos, 0 Warnings, 0 Critical Warnings and 0 Errors encountered.
write_cfgmem completed successfully
set_property PROGRAM.ADDRESS_RANGE  {use_file} [ get_property PROGRAM.HW_CFGMEM [lindex [get_hw_devices xc7s6_0] 0]]
set_property PROGRAM.FILES [list "D:/01_my_document/desktop/01_contest_about/FPGACT137X/my_code/009_at24c02/009_at24c02.runs/impl_1/e2prom.mcs" ] [ get_property PROGRAM.HW_CFGMEM [lindex [get_hw_devices xc7s6_0] 0]]
set_property PROGRAM.PRM_FILE {} [ get_property PROGRAM.HW_CFGMEM [lindex [get_hw_devices xc7s6_0] 0]]
set_property PROGRAM.UNUSED_PIN_TERMINATION {pull-none} [ get_property PROGRAM.HW_CFGMEM [lindex [get_hw_devices xc7s6_0] 0]]
set_property PROGRAM.BLANK_CHECK  0 [ get_property PROGRAM.HW_CFGMEM [lindex [get_hw_devices xc7s6_0] 0]]
set_property PROGRAM.ERASE  1 [ get_property PROGRAM.HW_CFGMEM [lindex [get_hw_devices xc7s6_0] 0]]
set_property PROGRAM.CFG_PROGRAM  1 [ get_property PROGRAM.HW_CFGMEM [lindex [get_hw_devices xc7s6_0] 0]]
set_property PROGRAM.VERIFY  1 [ get_property PROGRAM.HW_CFGMEM [lindex [get_hw_devices xc7s6_0] 0]]
set_property PROGRAM.CHECKSUM  0 [ get_property PROGRAM.HW_CFGMEM [lindex [get_hw_devices xc7s6_0] 0]]
startgroup 
create_hw_bitstream -hw_device [lindex [get_hw_devices xc7s6_0] 0] [get_property PROGRAM.HW_CFGMEM_BITFILE [ lindex [get_hw_devices xc7s6_0] 0]]; program_hw_devices [lindex [get_hw_devices xc7s6_0] 0]; refresh_hw_device [lindex [get_hw_devices xc7s6_0] 0];
INFO: [Labtools 27-3164] End of startup status: HIGH
INFO: [Labtools 27-2302] Device xc7s6 (JTAG device index = 0) is programmed with a design that has 1 SPI core(s).
program_hw_cfgmem -hw_cfgmem [ get_property PROGRAM.HW_CFGMEM [lindex [get_hw_devices xc7s6_0] 0]]
Mfg ID : ef   Memory Type : 40   Memory Capacity : 18   Device ID 1 : 0   Device ID 2 : 0
Performing Erase Operation...
Erase Operation successful.
Performing Program and Verify Operations...
Program/Verify Operation successful.
INFO: [Labtoolstcl 44-377] Flash programming completed successfully
program_hw_cfgmem: Time (s): cpu = 00:00:00 ; elapsed = 00:00:14 . Memory (MB): peak = 2006.438 ; gain = 0.000
endgroup
reset_run synth_1
WARNING: [Vivado 12-1017] Problems encountered:
1. Failed to delete one or more files in run directory D:/01_my_document/desktop/01_contest_about/FPGACT137X/my_code/009_at24c02/009_at24c02.runs/synth_1

launch_runs impl_1 -to_step write_bitstream -jobs 8
[Fri Dec  6 14:56:38 2024] Launched synth_1...
Run output will be captured here: D:/01_my_document/desktop/01_contest_about/FPGACT137X/my_code/009_at24c02/009_at24c02.runs/synth_1/runme.log
[Fri Dec  6 14:56:38 2024] Launched impl_1...
Run output will be captured here: D:/01_my_document/desktop/01_contest_about/FPGACT137X/my_code/009_at24c02/009_at24c02.runs/impl_1/runme.log
set_property PROBES.FILE {} [get_hw_devices xc7s6_0]
set_property FULL_PROBES.FILE {} [get_hw_devices xc7s6_0]
set_property PROGRAM.FILE {D:/01_my_document/desktop/01_contest_about/FPGACT137X/my_code/009_at24c02/009_at24c02.runs/impl_1/top.bit} [get_hw_devices xc7s6_0]
program_hw_devices [get_hw_devices xc7s6_0]
INFO: [Labtools 27-3164] End of startup status: HIGH
refresh_hw_device [lindex [get_hw_devices xc7s6_0] 0]
INFO: [Labtools 27-1434] Device xc7s6 (JTAG device index = 0) is programmed with a design that has no supported debug core(s) in it.
reset_run impl_1 -prev_step 
launch_runs impl_1 -to_step write_bitstream -jobs 8
WARNING: [Vivado 12-872] Run step 'Design Initialization' is out-of-date.
[Fri Dec  6 15:01:04 2024] Launched impl_1...
Run output will be captured here: D:/01_my_document/desktop/01_contest_about/FPGACT137X/my_code/009_at24c02/009_at24c02.runs/impl_1/runme.log
reset_run synth_1
WARNING: [Vivado 12-1017] Problems encountered:
1. Failed to delete one or more files in run directory D:/01_my_document/desktop/01_contest_about/FPGACT137X/my_code/009_at24c02/009_at24c02.runs/synth_1

launch_runs impl_1 -to_step write_bitstream -jobs 8
[Fri Dec  6 15:02:51 2024] Launched synth_1...
Run output will be captured here: D:/01_my_document/desktop/01_contest_about/FPGACT137X/my_code/009_at24c02/009_at24c02.runs/synth_1/runme.log
[Fri Dec  6 15:02:51 2024] Launched impl_1...
Run output will be captured here: D:/01_my_document/desktop/01_contest_about/FPGACT137X/my_code/009_at24c02/009_at24c02.runs/impl_1/runme.log
set_property PROBES.FILE {} [get_hw_devices xc7s6_0]
set_property FULL_PROBES.FILE {} [get_hw_devices xc7s6_0]
set_property PROGRAM.FILE {D:/01_my_document/desktop/01_contest_about/FPGACT137X/my_code/009_at24c02/009_at24c02.runs/impl_1/top.bit} [get_hw_devices xc7s6_0]
program_hw_devices [get_hw_devices xc7s6_0]
INFO: [Labtools 27-3164] End of startup status: HIGH
refresh_hw_device [lindex [get_hw_devices xc7s6_0] 0]
INFO: [Labtools 27-1434] Device xc7s6 (JTAG device index = 0) is programmed with a design that has no supported debug core(s) in it.
reset_run synth_1
WARNING: [Vivado 12-1017] Problems encountered:
1. Failed to delete one or more files in run directory D:/01_my_document/desktop/01_contest_about/FPGACT137X/my_code/009_at24c02/009_at24c02.runs/synth_1

launch_runs impl_1 -to_step write_bitstream -jobs 8
[Fri Dec  6 15:05:13 2024] Launched synth_1...
Run output will be captured here: D:/01_my_document/desktop/01_contest_about/FPGACT137X/my_code/009_at24c02/009_at24c02.runs/synth_1/runme.log
[Fri Dec  6 15:05:13 2024] Launched impl_1...
Run output will be captured here: D:/01_my_document/desktop/01_contest_about/FPGACT137X/my_code/009_at24c02/009_at24c02.runs/impl_1/runme.log
set_property PROBES.FILE {} [get_hw_devices xc7s6_0]
set_property FULL_PROBES.FILE {} [get_hw_devices xc7s6_0]
set_property PROGRAM.FILE {D:/01_my_document/desktop/01_contest_about/FPGACT137X/my_code/009_at24c02/009_at24c02.runs/impl_1/top.bit} [get_hw_devices xc7s6_0]
program_hw_devices [get_hw_devices xc7s6_0]
INFO: [Labtools 27-3164] End of startup status: HIGH
refresh_hw_device [lindex [get_hw_devices xc7s6_0] 0]
INFO: [Labtools 27-1434] Device xc7s6 (JTAG device index = 0) is programmed with a design that has no supported debug core(s) in it.
reset_run synth_1
WARNING: [Vivado 12-1017] Problems encountered:
1. Failed to delete one or more files in run directory D:/01_my_document/desktop/01_contest_about/FPGACT137X/my_code/009_at24c02/009_at24c02.runs/synth_1

launch_runs impl_1 -to_step write_bitstream -jobs 8
[Fri Dec  6 15:07:31 2024] Launched synth_1...
Run output will be captured here: D:/01_my_document/desktop/01_contest_about/FPGACT137X/my_code/009_at24c02/009_at24c02.runs/synth_1/runme.log
[Fri Dec  6 15:07:31 2024] Launched impl_1...
Run output will be captured here: D:/01_my_document/desktop/01_contest_about/FPGACT137X/my_code/009_at24c02/009_at24c02.runs/impl_1/runme.log
set_property PROBES.FILE {} [get_hw_devices xc7s6_0]
set_property FULL_PROBES.FILE {} [get_hw_devices xc7s6_0]
set_property PROGRAM.FILE {D:/01_my_document/desktop/01_contest_about/FPGACT137X/my_code/009_at24c02/009_at24c02.runs/impl_1/top.bit} [get_hw_devices xc7s6_0]
program_hw_devices [get_hw_devices xc7s6_0]
INFO: [Labtools 27-3164] End of startup status: HIGH
refresh_hw_device [lindex [get_hw_devices xc7s6_0] 0]
INFO: [Labtools 27-1434] Device xc7s6 (JTAG device index = 0) is programmed with a design that has no supported debug core(s) in it.
reset_run synth_1
WARNING: [Vivado 12-1017] Problems encountered:
1. Failed to delete one or more files in run directory D:/01_my_document/desktop/01_contest_about/FPGACT137X/my_code/009_at24c02/009_at24c02.runs/synth_1

launch_runs impl_1 -to_step write_bitstream -jobs 8
[Fri Dec  6 15:09:31 2024] Launched synth_1...
Run output will be captured here: D:/01_my_document/desktop/01_contest_about/FPGACT137X/my_code/009_at24c02/009_at24c02.runs/synth_1/runme.log
[Fri Dec  6 15:09:31 2024] Launched impl_1...
Run output will be captured here: D:/01_my_document/desktop/01_contest_about/FPGACT137X/my_code/009_at24c02/009_at24c02.runs/impl_1/runme.log
set_property PROBES.FILE {} [get_hw_devices xc7s6_0]
set_property FULL_PROBES.FILE {} [get_hw_devices xc7s6_0]
set_property PROGRAM.FILE {D:/01_my_document/desktop/01_contest_about/FPGACT137X/my_code/009_at24c02/009_at24c02.runs/impl_1/top.bit} [get_hw_devices xc7s6_0]
program_hw_devices [get_hw_devices xc7s6_0]
INFO: [Labtools 27-3164] End of startup status: HIGH
refresh_hw_device [lindex [get_hw_devices xc7s6_0] 0]
INFO: [Labtools 27-1434] Device xc7s6 (JTAG device index = 0) is programmed with a design that has no supported debug core(s) in it.
reset_run synth_1
WARNING: [Vivado 12-1017] Problems encountered:
1. Failed to delete one or more files in run directory D:/01_my_document/desktop/01_contest_about/FPGACT137X/my_code/009_at24c02/009_at24c02.runs/synth_1

launch_runs impl_1 -to_step write_bitstream -jobs 8
[Fri Dec  6 15:40:43 2024] Launched synth_1...
Run output will be captured here: D:/01_my_document/desktop/01_contest_about/FPGACT137X/my_code/009_at24c02/009_at24c02.runs/synth_1/runme.log
[Fri Dec  6 15:40:43 2024] Launched impl_1...
Run output will be captured here: D:/01_my_document/desktop/01_contest_about/FPGACT137X/my_code/009_at24c02/009_at24c02.runs/impl_1/runme.log
set_property PROBES.FILE {} [get_hw_devices xc7s6_0]
set_property FULL_PROBES.FILE {} [get_hw_devices xc7s6_0]
set_property PROGRAM.FILE {D:/01_my_document/desktop/01_contest_about/FPGACT137X/my_code/009_at24c02/009_at24c02.runs/impl_1/top.bit} [get_hw_devices xc7s6_0]
program_hw_devices [get_hw_devices xc7s6_0]
INFO: [Labtools 27-3164] End of startup status: HIGH
refresh_hw_device [lindex [get_hw_devices xc7s6_0] 0]
INFO: [Labtools 27-1434] Device xc7s6 (JTAG device index = 0) is programmed with a design that has no supported debug core(s) in it.
reset_run synth_1
WARNING: [Vivado 12-1017] Problems encountered:
1. Failed to delete one or more files in run directory D:/01_my_document/desktop/01_contest_about/FPGACT137X/my_code/009_at24c02/009_at24c02.runs/synth_1

launch_runs impl_1 -jobs 8
[Fri Dec  6 15:43:44 2024] Launched synth_1...
Run output will be captured here: D:/01_my_document/desktop/01_contest_about/FPGACT137X/my_code/009_at24c02/009_at24c02.runs/synth_1/runme.log
[Fri Dec  6 15:43:44 2024] Launched impl_1...
Run output will be captured here: D:/01_my_document/desktop/01_contest_about/FPGACT137X/my_code/009_at24c02/009_at24c02.runs/impl_1/runme.log
reset_run synth_1
WARNING: [Vivado 12-1017] Problems encountered:
1. Failed to delete one or more files in run directory D:/01_my_document/desktop/01_contest_about/FPGACT137X/my_code/009_at24c02/009_at24c02.runs/synth_1

launch_runs impl_1 -to_step write_bitstream -jobs 8
[Fri Dec  6 15:43:56 2024] Launched synth_1...
Run output will be captured here: D:/01_my_document/desktop/01_contest_about/FPGACT137X/my_code/009_at24c02/009_at24c02.runs/synth_1/runme.log
[Fri Dec  6 15:43:56 2024] Launched impl_1...
Run output will be captured here: D:/01_my_document/desktop/01_contest_about/FPGACT137X/my_code/009_at24c02/009_at24c02.runs/impl_1/runme.log
reset_run synth_1
WARNING: [Vivado 12-1017] Problems encountered:
1. Failed to delete one or more files in run directory D:/01_my_document/desktop/01_contest_about/FPGACT137X/my_code/009_at24c02/009_at24c02.runs/synth_1

launch_runs impl_1 -to_step write_bitstream -jobs 8
[Fri Dec  6 15:44:14 2024] Launched synth_1...
Run output will be captured here: D:/01_my_document/desktop/01_contest_about/FPGACT137X/my_code/009_at24c02/009_at24c02.runs/synth_1/runme.log
[Fri Dec  6 15:44:14 2024] Launched impl_1...
Run output will be captured here: D:/01_my_document/desktop/01_contest_about/FPGACT137X/my_code/009_at24c02/009_at24c02.runs/impl_1/runme.log
set_property PROBES.FILE {} [get_hw_devices xc7s6_0]
set_property FULL_PROBES.FILE {} [get_hw_devices xc7s6_0]
set_property PROGRAM.FILE {D:/01_my_document/desktop/01_contest_about/FPGACT137X/my_code/009_at24c02/009_at24c02.runs/impl_1/top.bit} [get_hw_devices xc7s6_0]
program_hw_devices [get_hw_devices xc7s6_0]
INFO: [Labtools 27-3164] End of startup status: HIGH
refresh_hw_device [lindex [get_hw_devices xc7s6_0] 0]
INFO: [Labtools 27-1434] Device xc7s6 (JTAG device index = 0) is programmed with a design that has no supported debug core(s) in it.
reset_run synth_1
WARNING: [Vivado 12-1017] Problems encountered:
1. Failed to delete one or more files in run directory D:/01_my_document/desktop/01_contest_about/FPGACT137X/my_code/009_at24c02/009_at24c02.runs/synth_1

launch_runs impl_1 -to_step write_bitstream -jobs 8
[Fri Dec  6 15:48:05 2024] Launched synth_1...
Run output will be captured here: D:/01_my_document/desktop/01_contest_about/FPGACT137X/my_code/009_at24c02/009_at24c02.runs/synth_1/runme.log
[Fri Dec  6 15:48:05 2024] Launched impl_1...
Run output will be captured here: D:/01_my_document/desktop/01_contest_about/FPGACT137X/my_code/009_at24c02/009_at24c02.runs/impl_1/runme.log
set_property PROBES.FILE {} [get_hw_devices xc7s6_0]
set_property FULL_PROBES.FILE {} [get_hw_devices xc7s6_0]
set_property PROGRAM.FILE {D:/01_my_document/desktop/01_contest_about/FPGACT137X/my_code/009_at24c02/009_at24c02.runs/impl_1/top.bit} [get_hw_devices xc7s6_0]
program_hw_devices [get_hw_devices xc7s6_0]
INFO: [Labtools 27-3164] End of startup status: HIGH
refresh_hw_device [lindex [get_hw_devices xc7s6_0] 0]
INFO: [Labtools 27-1434] Device xc7s6 (JTAG device index = 0) is programmed with a design that has no supported debug core(s) in it.
reset_run synth_1
WARNING: [Vivado 12-1017] Problems encountered:
1. Failed to delete one or more files in run directory D:/01_my_document/desktop/01_contest_about/FPGACT137X/my_code/009_at24c02/009_at24c02.runs/synth_1

launch_runs impl_1 -to_step write_bitstream -jobs 8
[Fri Dec  6 15:50:07 2024] Launched synth_1...
Run output will be captured here: D:/01_my_document/desktop/01_contest_about/FPGACT137X/my_code/009_at24c02/009_at24c02.runs/synth_1/runme.log
[Fri Dec  6 15:50:07 2024] Launched impl_1...
Run output will be captured here: D:/01_my_document/desktop/01_contest_about/FPGACT137X/my_code/009_at24c02/009_at24c02.runs/impl_1/runme.log
set_property PROBES.FILE {} [get_hw_devices xc7s6_0]
set_property FULL_PROBES.FILE {} [get_hw_devices xc7s6_0]
set_property PROGRAM.FILE {D:/01_my_document/desktop/01_contest_about/FPGACT137X/my_code/009_at24c02/009_at24c02.runs/impl_1/top.bit} [get_hw_devices xc7s6_0]
program_hw_devices [get_hw_devices xc7s6_0]
INFO: [Labtools 27-3164] End of startup status: HIGH
refresh_hw_device [lindex [get_hw_devices xc7s6_0] 0]
INFO: [Labtools 27-1434] Device xc7s6 (JTAG device index = 0) is programmed with a design that has no supported debug core(s) in it.
write_cfgmem  -format mcs -size 128 -interface SPIx1 -loadbit {up 0x00000000 "D:/01_my_document/desktop/01_contest_about/FPGACT137X/my_code/009_at24c02/009_at24c02.runs/impl_1/top.bit" } -file "D:/01_my_document/desktop/01_contest_about/FPGACT137X/my_code/009_at24c02/009_at24c02.runs/impl_1/e2prom.mcs"
Command: write_cfgmem -format mcs -size 128 -interface SPIx1 -loadbit {up 0x00000000 "D:/01_my_document/desktop/01_contest_about/FPGACT137X/my_code/009_at24c02/009_at24c02.runs/impl_1/top.bit" } -file D:/01_my_document/desktop/01_contest_about/FPGACT137X/my_code/009_at24c02/009_at24c02.runs/impl_1/e2prom.mcs
Creating config memory files...
ERROR: [Writecfgmem 68-5] Cannot overwrite file D:/01_my_document/desktop/01_contest_about/FPGACT137X/my_code/009_at24c02/009_at24c02.runs/impl_1/e2prom.prm. Use "-force" flag.
0 Infos, 0 Warnings, 0 Critical Warnings and 1 Errors encountered.
write_cfgmem failed
ERROR: [Common 17-39] 'write_cfgmem' failed due to earlier errors.
write_cfgmem  -format mcs -size 128 -interface SPIx1 -loadbit {up 0x00000000 "D:/01_my_document/desktop/01_contest_about/FPGACT137X/my_code/009_at24c02/009_at24c02.runs/impl_1/top.bit" } -file "D:/01_my_document/desktop/01_contest_about/FPGACT137X/my_code/009_at24c02/009_at24c02.runs/impl_1/e2prom.mcs"
Command: write_cfgmem -format mcs -size 128 -interface SPIx1 -loadbit {up 0x00000000 "D:/01_my_document/desktop/01_contest_about/FPGACT137X/my_code/009_at24c02/009_at24c02.runs/impl_1/top.bit" } -file D:/01_my_document/desktop/01_contest_about/FPGACT137X/my_code/009_at24c02/009_at24c02.runs/impl_1/e2prom.mcs
Creating config memory files...
ERROR: [Writecfgmem 68-5] Cannot overwrite file D:/01_my_document/desktop/01_contest_about/FPGACT137X/my_code/009_at24c02/009_at24c02.runs/impl_1/e2prom.prm. Use "-force" flag.
0 Infos, 0 Warnings, 0 Critical Warnings and 1 Errors encountered.
write_cfgmem failed
ERROR: [Common 17-39] 'write_cfgmem' failed due to earlier errors.
write_cfgmem  -format mcs -size 128 -interface SPIx1 -loadbit {up 0x00000000 "D:/01_my_document/desktop/01_contest_about/FPGACT137X/my_code/009_at24c02/009_at24c02.runs/impl_1/top.bit" } -checksum -force -disablebitswap -file "D:/01_my_document/desktop/01_contest_about/FPGACT137X/my_code/009_at24c02/009_at24c02.runs/impl_1/e2prom.mcs"
Command: write_cfgmem -format mcs -size 128 -interface SPIx1 -loadbit {up 0x00000000 "D:/01_my_document/desktop/01_contest_about/FPGACT137X/my_code/009_at24c02/009_at24c02.runs/impl_1/top.bit" } -checksum -force -disablebitswap -file D:/01_my_document/desktop/01_contest_about/FPGACT137X/my_code/009_at24c02/009_at24c02.runs/impl_1/e2prom.mcs
Creating config memory files...
Creating bitstream load up from address 0x00000000
Loading bitfile D:/01_my_document/desktop/01_contest_about/FPGACT137X/my_code/009_at24c02/009_at24c02.runs/impl_1/top.bit
Writing file D:/01_my_document/desktop/01_contest_about/FPGACT137X/my_code/009_at24c02/009_at24c02.runs/impl_1/e2prom.mcs
Writing log file D:/01_my_document/desktop/01_contest_about/FPGACT137X/my_code/009_at24c02/009_at24c02.runs/impl_1/e2prom.prm
===================================
Configuration Memory information
===================================
File Format        MCS
Interface          SPIX1
Size               128M
Start Address      0x00000000
End Address        0x07FFFFFF
Checksum           0xEFD58E0F
Fill Value         0xFF

Addr1         Addr2         Date                    File(s)                                                                                                      Checksum
0x00000000    0x000838DB    Dec  6 15:51:08 2024    D:/01_my_document/desktop/01_contest_about/FPGACT137X/my_code/009_at24c02/009_at24c02.runs/impl_1/top.bit    0x00063133
File Checksum Total                                                                                                                                              0x00063133
0 Infos, 0 Warnings, 0 Critical Warnings and 0 Errors encountered.
write_cfgmem completed successfully
set_property PROGRAM.ADDRESS_RANGE  {use_file} [ get_property PROGRAM.HW_CFGMEM [lindex [get_hw_devices xc7s6_0] 0]]
set_property PROGRAM.FILES [list "D:/01_my_document/desktop/01_contest_about/FPGACT137X/my_code/009_at24c02/009_at24c02.runs/impl_1/e2prom.mcs" ] [ get_property PROGRAM.HW_CFGMEM [lindex [get_hw_devices xc7s6_0] 0]]
set_property PROGRAM.PRM_FILE {} [ get_property PROGRAM.HW_CFGMEM [lindex [get_hw_devices xc7s6_0] 0]]
set_property PROGRAM.UNUSED_PIN_TERMINATION {pull-none} [ get_property PROGRAM.HW_CFGMEM [lindex [get_hw_devices xc7s6_0] 0]]
set_property PROGRAM.BLANK_CHECK  0 [ get_property PROGRAM.HW_CFGMEM [lindex [get_hw_devices xc7s6_0] 0]]
set_property PROGRAM.ERASE  1 [ get_property PROGRAM.HW_CFGMEM [lindex [get_hw_devices xc7s6_0] 0]]
set_property PROGRAM.CFG_PROGRAM  1 [ get_property PROGRAM.HW_CFGMEM [lindex [get_hw_devices xc7s6_0] 0]]
set_property PROGRAM.VERIFY  1 [ get_property PROGRAM.HW_CFGMEM [lindex [get_hw_devices xc7s6_0] 0]]
set_property PROGRAM.CHECKSUM  0 [ get_property PROGRAM.HW_CFGMEM [lindex [get_hw_devices xc7s6_0] 0]]
startgroup 
create_hw_bitstream -hw_device [lindex [get_hw_devices xc7s6_0] 0] [get_property PROGRAM.HW_CFGMEM_BITFILE [ lindex [get_hw_devices xc7s6_0] 0]]; program_hw_devices [lindex [get_hw_devices xc7s6_0] 0]; refresh_hw_device [lindex [get_hw_devices xc7s6_0] 0];
INFO: [Labtools 27-3164] End of startup status: HIGH
INFO: [Labtools 27-2302] Device xc7s6 (JTAG device index = 0) is programmed with a design that has 1 SPI core(s).
program_hw_cfgmem -hw_cfgmem [ get_property PROGRAM.HW_CFGMEM [lindex [get_hw_devices xc7s6_0] 0]]
Mfg ID : ef   Memory Type : 40   Memory Capacity : 18   Device ID 1 : 0   Device ID 2 : 0
Performing Erase Operation...
Erase Operation successful.
Performing Program and Verify Operations...
Program/Verify Operation successful.
INFO: [Labtoolstcl 44-377] Flash programming completed successfully
program_hw_cfgmem: Time (s): cpu = 00:00:00 ; elapsed = 00:00:14 . Memory (MB): peak = 2030.699 ; gain = 0.000
endgroup
exit
INFO: [Common 17-206] Exiting Vivado at Fri Dec  6 15:53:22 2024...
