#-----------------------------------------------------------
# Vivado v2018.3 (64-bit)
# SW Build 2405991 on Thu Dec  6 23:38:27 MST 2018
# IP Build 2404404 on Fri Dec  7 01:43:56 MST 2018
# Start of session at: Mon Dec  2 15:19:18 2024
# Process ID: 18708
# Current directory: D:/01_my_document/desktop/01_contest_about/FPGACT137X/my_code/008_key_smg
# Command line: vivado.exe -gui_launcher_event rodinguilauncherevent33892 D:\01_my_document\desktop\01_contest_about\FPGACT137X\my_code\008_key_smg\007_key.xpr
# Log file: D:/01_my_document/desktop/01_contest_about/FPGACT137X/my_code/008_key_smg/vivado.log
# Journal file: D:/01_my_document/desktop/01_contest_about/FPGACT137X/my_code/008_key_smg\vivado.jou
#-----------------------------------------------------------
start_gui
open_project D:/01_my_document/desktop/01_contest_about/FPGACT137X/my_code/008_key_smg/007_key.xpr
INFO: [Project 1-313] Project file moved from 'D:/01_my_document/desktop/01_contest_about/FPGACT137X/my_code/007_key_no' since last save.
Scanning sources...
Finished scanning sources
INFO: [IP_Flow 19-234] Refreshing IP repositories
INFO: [IP_Flow 19-1704] No user IP repositories specified
INFO: [IP_Flow 19-2313] Loaded Vivado IP repository 'D:/02_SDK2/Vivado/Vivado/2018.3/data/ip'.
open_project: Time (s): cpu = 00:00:06 ; elapsed = 00:00:06 . Memory (MB): peak = 858.414 ; gain = 197.496
update_compile_order -fileset sources_1
exit
INFO: [Common 17-206] Exiting Vivado at Mon Dec  2 15:23:47 2024...
