#-----------------------------------------------------------
# Vivado v2018.3 (64-bit)
# SW Build 2405991 on Thu Dec  6 23:38:27 MST 2018
# IP Build 2404404 on Fri Dec  7 01:43:56 MST 2018
# Start of session at: Mon Dec  2 14:44:10 2024
# Process ID: 29668
# Current directory: D:/01_my_document/desktop/01_contest_about/FPGACT137X/my_code/007_key_no
# Command line: vivado.exe -gui_launcher_event rodinguilauncherevent32824 D:\01_my_document\desktop\01_contest_about\FPGACT137X\my_code\007_key_no\007_key.xpr
# Log file: D:/01_my_document/desktop/01_contest_about/FPGACT137X/my_code/007_key_no/vivado.log
# Journal file: D:/01_my_document/desktop/01_contest_about/FPGACT137X/my_code/007_key_no\vivado.jou
#-----------------------------------------------------------
start_gui
open_project D:/01_my_document/desktop/01_contest_about/FPGACT137X/my_code/007_key_no/007_key.xpr
INFO: [Project 1-313] Project file moved from 'D:/01_my_document/desktop/01_contest_about/FPGACT137X/my_code/007_key' since last save.
Scanning sources...
Finished scanning sources
INFO: [IP_Flow 19-234] Refreshing IP repositories
INFO: [IP_Flow 19-1704] No user IP repositories specified
INFO: [IP_Flow 19-2313] Loaded Vivado IP repository 'D:/02_SDK2/Vivado/Vivado/2018.3/data/ip'.
open_project: Time (s): cpu = 00:00:06 ; elapsed = 00:00:06 . Memory (MB): peak = 827.676 ; gain = 164.414
update_compile_order -fileset sources_1
reset_run synth_1
launch_runs impl_1 -to_step write_bitstream -jobs 8
[Mon Dec  2 14:45:35 2024] Launched synth_1...
Run output will be captured here: D:/01_my_document/desktop/01_contest_about/FPGACT137X/my_code/007_key_no/007_key.runs/synth_1/runme.log
[Mon Dec  2 14:45:35 2024] Launched impl_1...
Run output will be captured here: D:/01_my_document/desktop/01_contest_about/FPGACT137X/my_code/007_key_no/007_key.runs/impl_1/runme.log
open_hw
connect_hw_server
INFO: [Labtools 27-2285] Connecting to hw_server url TCP:localhost:3121
INFO: [Labtools 27-2222] Launching hw_server...
INFO: [Labtools 27-2221] Launch Output:

****** Xilinx hw_server v2018.3
  **** Build date : Dec  7 2018-00:40:27
    ** Copyright 1986-2018 Xilinx, Inc. All Rights Reserved.


open_hw_target
INFO: [Labtoolstcl 44-466] Opening hw_target localhost:3121/xilinx_tcf/Digilent/883210A5A5322
set_property PROGRAM.FILE {D:/01_my_document/desktop/01_contest_about/FPGACT137X/my_code/007_key_no/007_key.runs/impl_1/main.bit} [get_hw_devices xc7s6_0]
current_hw_device [get_hw_devices xc7s6_0]
refresh_hw_device -update_hw_probes false [lindex [get_hw_devices xc7s6_0] 0]
INFO: [Labtools 27-1434] Device xc7s6 (JTAG device index = 0) is programmed with a design that has no supported debug core(s) in it.
set_property PROBES.FILE {} [get_hw_devices xc7s6_0]
set_property FULL_PROBES.FILE {} [get_hw_devices xc7s6_0]
set_property PROGRAM.FILE {D:/01_my_document/desktop/01_contest_about/FPGACT137X/my_code/007_key_no/007_key.runs/impl_1/main.bit} [get_hw_devices xc7s6_0]
program_hw_devices [get_hw_devices xc7s6_0]
INFO: [Labtools 27-3164] End of startup status: HIGH
refresh_hw_device [lindex [get_hw_devices xc7s6_0] 0]
INFO: [Labtools 27-1434] Device xc7s6 (JTAG device index = 0) is programmed with a design that has no supported debug core(s) in it.
reset_run synth_1
WARNING: [Vivado 12-1017] Problems encountered:
1. Failed to delete one or more files in run directory D:/01_my_document/desktop/01_contest_about/FPGACT137X/my_code/007_key_no/007_key.runs/synth_1

launch_runs impl_1 -to_step write_bitstream -jobs 8
[Mon Dec  2 14:47:53 2024] Launched synth_1...
Run output will be captured here: D:/01_my_document/desktop/01_contest_about/FPGACT137X/my_code/007_key_no/007_key.runs/synth_1/runme.log
[Mon Dec  2 14:47:53 2024] Launched impl_1...
Run output will be captured here: D:/01_my_document/desktop/01_contest_about/FPGACT137X/my_code/007_key_no/007_key.runs/impl_1/runme.log
set_property PROBES.FILE {} [get_hw_devices xc7s6_0]
set_property FULL_PROBES.FILE {} [get_hw_devices xc7s6_0]
set_property PROGRAM.FILE {D:/01_my_document/desktop/01_contest_about/FPGACT137X/my_code/007_key_no/007_key.runs/impl_1/main.bit} [get_hw_devices xc7s6_0]
program_hw_devices [get_hw_devices xc7s6_0]
INFO: [Labtools 27-3164] End of startup status: HIGH
refresh_hw_device [lindex [get_hw_devices xc7s6_0] 0]
INFO: [Labtools 27-1434] Device xc7s6 (JTAG device index = 0) is programmed with a design that has no supported debug core(s) in it.
reset_run synth_1
WARNING: [Vivado 12-1017] Problems encountered:
1. Failed to delete one or more files in run directory D:/01_my_document/desktop/01_contest_about/FPGACT137X/my_code/007_key_no/007_key.runs/synth_1

launch_runs impl_1 -to_step write_bitstream -jobs 8
[Mon Dec  2 14:58:24 2024] Launched synth_1...
Run output will be captured here: D:/01_my_document/desktop/01_contest_about/FPGACT137X/my_code/007_key_no/007_key.runs/synth_1/runme.log
[Mon Dec  2 14:58:24 2024] Launched impl_1...
Run output will be captured here: D:/01_my_document/desktop/01_contest_about/FPGACT137X/my_code/007_key_no/007_key.runs/impl_1/runme.log
reset_run synth_1
WARNING: [Vivado 12-1017] Problems encountered:
1. Failed to delete one or more files in run directory D:/01_my_document/desktop/01_contest_about/FPGACT137X/my_code/007_key_no/007_key.runs/synth_1

launch_runs synth_1 -jobs 8
[Mon Dec  2 14:59:23 2024] Launched synth_1...
Run output will be captured here: D:/01_my_document/desktop/01_contest_about/FPGACT137X/my_code/007_key_no/007_key.runs/synth_1/runme.log
launch_runs impl_1 -to_step write_bitstream -jobs 8
[Mon Dec  2 14:59:54 2024] Launched impl_1...
Run output will be captured here: D:/01_my_document/desktop/01_contest_about/FPGACT137X/my_code/007_key_no/007_key.runs/impl_1/runme.log
reset_run synth_1
WARNING: [Vivado 12-1017] Problems encountered:
1. Failed to delete one or more files in run directory D:/01_my_document/desktop/01_contest_about/FPGACT137X/my_code/007_key_no/007_key.runs/synth_1

launch_runs impl_1 -to_step write_bitstream -jobs 8
[Mon Dec  2 15:01:44 2024] Launched synth_1...
Run output will be captured here: D:/01_my_document/desktop/01_contest_about/FPGACT137X/my_code/007_key_no/007_key.runs/synth_1/runme.log
[Mon Dec  2 15:01:44 2024] Launched impl_1...
Run output will be captured here: D:/01_my_document/desktop/01_contest_about/FPGACT137X/my_code/007_key_no/007_key.runs/impl_1/runme.log
ERROR: [Labtoolstcl 44-513] HW Target shutdown. Closing target: localhost:3121/xilinx_tcf/Digilent/883210A5A5322
INFO: [Labtoolstcl 44-466] Opening hw_target localhost:3121/xilinx_tcf/Digilent/883210A5A5322
INFO: [Labtools 27-1434] Device xc7s6 (JTAG device index = 0) is programmed with a design that has no supported debug core(s) in it.
WARNING: [Labtoolstcl 44-129] No matching hw_ila_data was found.
ERROR: [Labtoolstcl 44-513] HW Target shutdown. Closing target: localhost:3121/xilinx_tcf/Digilent/883210A5A5322
INFO: [Labtoolstcl 44-466] Opening hw_target localhost:3121/xilinx_tcf/Digilent/883210A5A5322
INFO: [Labtools 27-1434] Device xc7s6 (JTAG device index = 0) is programmed with a design that has no supported debug core(s) in it.
WARNING: [Labtoolstcl 44-129] No matching hw_ila_data was found.
reset_run synth_1
WARNING: [Vivado 12-1017] Problems encountered:
1. Failed to delete one or more files in run directory D:/01_my_document/desktop/01_contest_about/FPGACT137X/my_code/007_key_no/007_key.runs/synth_1

launch_runs synth_1 -jobs 8
[Mon Dec  2 15:03:16 2024] Launched synth_1...
Run output will be captured here: D:/01_my_document/desktop/01_contest_about/FPGACT137X/my_code/007_key_no/007_key.runs/synth_1/runme.log
launch_runs impl_1 -to_step write_bitstream -jobs 8
[Mon Dec  2 15:03:56 2024] Launched impl_1...
Run output will be captured here: D:/01_my_document/desktop/01_contest_about/FPGACT137X/my_code/007_key_no/007_key.runs/impl_1/runme.log
reset_run synth_1
WARNING: [Vivado 12-1017] Problems encountered:
1. Failed to delete one or more files in run directory D:/01_my_document/desktop/01_contest_about/FPGACT137X/my_code/007_key_no/007_key.runs/synth_1

launch_runs impl_1 -to_step write_bitstream -jobs 8
[Mon Dec  2 15:07:22 2024] Launched synth_1...
Run output will be captured here: D:/01_my_document/desktop/01_contest_about/FPGACT137X/my_code/007_key_no/007_key.runs/synth_1/runme.log
[Mon Dec  2 15:07:23 2024] Launched impl_1...
Run output will be captured here: D:/01_my_document/desktop/01_contest_about/FPGACT137X/my_code/007_key_no/007_key.runs/impl_1/runme.log
reset_run synth_1
WARNING: [Vivado 12-1017] Problems encountered:
1. Failed to delete one or more files in run directory D:/01_my_document/desktop/01_contest_about/FPGACT137X/my_code/007_key_no/007_key.runs/synth_1

launch_runs synth_1 -jobs 8
[Mon Dec  2 15:08:15 2024] Launched synth_1...
Run output will be captured here: D:/01_my_document/desktop/01_contest_about/FPGACT137X/my_code/007_key_no/007_key.runs/synth_1/runme.log
launch_runs impl_1 -to_step write_bitstream -jobs 8
[Mon Dec  2 15:09:49 2024] Launched impl_1...
Run output will be captured here: D:/01_my_document/desktop/01_contest_about/FPGACT137X/my_code/007_key_no/007_key.runs/impl_1/runme.log
reset_run synth_1
WARNING: [Vivado 12-1017] Problems encountered:
1. Failed to delete one or more files in run directory D:/01_my_document/desktop/01_contest_about/FPGACT137X/my_code/007_key_no/007_key.runs/synth_1

launch_runs impl_1 -to_step write_bitstream -jobs 8
[Mon Dec  2 15:12:25 2024] Launched synth_1...
Run output will be captured here: D:/01_my_document/desktop/01_contest_about/FPGACT137X/my_code/007_key_no/007_key.runs/synth_1/runme.log
[Mon Dec  2 15:12:25 2024] Launched impl_1...
Run output will be captured here: D:/01_my_document/desktop/01_contest_about/FPGACT137X/my_code/007_key_no/007_key.runs/impl_1/runme.log
set_property PROBES.FILE {} [get_hw_devices xc7s6_0]
set_property FULL_PROBES.FILE {} [get_hw_devices xc7s6_0]
set_property PROGRAM.FILE {D:/01_my_document/desktop/01_contest_about/FPGACT137X/my_code/007_key_no/007_key.runs/impl_1/main.bit} [get_hw_devices xc7s6_0]
program_hw_devices [get_hw_devices xc7s6_0]
INFO: [Labtools 27-3164] End of startup status: HIGH
refresh_hw_device [lindex [get_hw_devices xc7s6_0] 0]
INFO: [Labtools 27-1434] Device xc7s6 (JTAG device index = 0) is programmed with a design that has no supported debug core(s) in it.
exit
INFO: [Common 17-206] Exiting Vivado at Mon Dec  2 15:16:24 2024...
