#-----------------------------------------------------------
# Vivado v2018.3 (64-bit)
# SW Build 2405991 on Thu Dec  6 23:38:27 MST 2018
# IP Build 2404404 on Fri Dec  7 01:43:56 MST 2018
# Start of session at: Tue Dec  3 13:44:21 2024
# Process ID: 19092
# Current directory: D:/01_my_document/desktop/01_contest_about/FPGACT137X/my_code/008_key_smg
# Command line: vivado.exe -gui_launcher_event rodinguilauncherevent32644 D:\01_my_document\desktop\01_contest_about\FPGACT137X\my_code\008_key_smg\007_key.xpr
# Log file: D:/01_my_document/desktop/01_contest_about/FPGACT137X/my_code/008_key_smg/vivado.log
# Journal file: D:/01_my_document/desktop/01_contest_about/FPGACT137X/my_code/008_key_smg\vivado.jou
#-----------------------------------------------------------
start_gui
open_project D:/01_my_document/desktop/01_contest_about/FPGACT137X/my_code/008_key_smg/007_key.xpr
Scanning sources...
Finished scanning sources
INFO: [IP_Flow 19-234] Refreshing IP repositories
INFO: [IP_Flow 19-1704] No user IP repositories specified
INFO: [IP_Flow 19-2313] Loaded Vivado IP repository 'D:/02_SDK2/Vivado/Vivado/2018.3/data/ip'.
open_project: Time (s): cpu = 00:00:06 ; elapsed = 00:00:05 . Memory (MB): peak = 843.469 ; gain = 189.891
update_compile_order -fileset sources_1
open_hw
connect_hw_server
INFO: [Labtools 27-2285] Connecting to hw_server url TCP:localhost:3121
INFO: [Labtools 27-2222] Launching hw_server...
INFO: [Labtools 27-2221] Launch Output:

****** Xilinx hw_server v2018.3
  **** Build date : Dec  7 2018-00:40:27
    ** Copyright 1986-2018 Xilinx, Inc. All Rights Reserved.


open_hw_target
INFO: [Labtoolstcl 44-466] Opening hw_target localhost:3121/xilinx_tcf/Digilent/883210A5A5322
set_property PROGRAM.FILE {D:/01_my_document/desktop/01_contest_about/FPGACT137X/my_code/008_key_smg/007_key.runs/impl_1/main.bit} [get_hw_devices xc7s6_0]
current_hw_device [get_hw_devices xc7s6_0]
refresh_hw_device -update_hw_probes false [lindex [get_hw_devices xc7s6_0] 0]
INFO: [Labtools 27-1434] Device xc7s6 (JTAG device index = 0) is programmed with a design that has no supported debug core(s) in it.
create_hw_cfgmem -hw_device [get_hw_devices xc7s6_0] -mem_dev [lindex [get_cfgmem_parts {w25q128bv-spi-x1_x2_x4}] 0]
set_property PROGRAM.ADDRESS_RANGE  {use_file} [ get_property PROGRAM.HW_CFGMEM [lindex [get_hw_devices xc7s6_0] 0]]
set_property PROGRAM.FILES [list "D:/01_my_document/desktop/01_contest_about/FPGACT137X/my_code/008_key_smg/007_key.runs/impl_1/main.bin" ] [ get_property PROGRAM.HW_CFGMEM [lindex [get_hw_devices xc7s6_0] 0]]
set_property PROGRAM.PRM_FILE {} [ get_property PROGRAM.HW_CFGMEM [lindex [get_hw_devices xc7s6_0] 0]]
set_property PROGRAM.UNUSED_PIN_TERMINATION {pull-none} [ get_property PROGRAM.HW_CFGMEM [lindex [get_hw_devices xc7s6_0] 0]]
set_property PROGRAM.BLANK_CHECK  0 [ get_property PROGRAM.HW_CFGMEM [lindex [get_hw_devices xc7s6_0] 0]]
set_property PROGRAM.ERASE  1 [ get_property PROGRAM.HW_CFGMEM [lindex [get_hw_devices xc7s6_0] 0]]
set_property PROGRAM.CFG_PROGRAM  1 [ get_property PROGRAM.HW_CFGMEM [lindex [get_hw_devices xc7s6_0] 0]]
set_property PROGRAM.VERIFY  1 [ get_property PROGRAM.HW_CFGMEM [lindex [get_hw_devices xc7s6_0] 0]]
set_property PROGRAM.CHECKSUM  0 [ get_property PROGRAM.HW_CFGMEM [lindex [get_hw_devices xc7s6_0] 0]]
startgroup 
create_hw_bitstream -hw_device [lindex [get_hw_devices xc7s6_0] 0] [get_property PROGRAM.HW_CFGMEM_BITFILE [ lindex [get_hw_devices xc7s6_0] 0]]; program_hw_devices [lindex [get_hw_devices xc7s6_0] 0]; refresh_hw_device [lindex [get_hw_devices xc7s6_0] 0];
INFO: [Labtools 27-3164] End of startup status: HIGH
INFO: [Labtools 27-2302] Device xc7s6 (JTAG device index = 0) is programmed with a design that has 1 SPI core(s).
program_hw_cfgmem -hw_cfgmem [ get_property PROGRAM.HW_CFGMEM [lindex [get_hw_devices xc7s6_0] 0]]
Mfg ID : ef   Memory Type : 40   Memory Capacity : 18   Device ID 1 : 0   Device ID 2 : 0
Performing Erase Operation...
Erase Operation successful.
Performing Program and Verify Operations...
Program/Verify Operation successful.
INFO: [Labtoolstcl 44-377] Flash programming completed successfully
program_hw_cfgmem: Time (s): cpu = 00:00:00 ; elapsed = 00:00:14 . Memory (MB): peak = 1821.852 ; gain = 1.672
endgroup
exit
INFO: [Common 17-206] Exiting Vivado at Tue Dec  3 13:45:13 2024...
