#-----------------------------------------------------------
# Vivado v2018.3 (64-bit)
# SW Build 2405991 on Thu Dec  6 23:38:27 MST 2018
# IP Build 2404404 on Fri Dec  7 01:43:56 MST 2018
# Start of session at: Mon Dec  2 12:47:06 2024
# Process ID: 25928
# Current directory: C:/window_apps/downloads/QQ_Download/007_key
# Command line: vivado.exe -gui_launcher_event rodinguilauncherevent11636 C:\window_apps\downloads\QQ_Download\007_key\007_key.xpr
# Log file: C:/window_apps/downloads/QQ_Download/007_key/vivado.log
# Journal file: C:/window_apps/downloads/QQ_Download/007_key\vivado.jou
#-----------------------------------------------------------
start_gui
open_project C:/window_apps/downloads/QQ_Download/007_key/007_key.xpr
INFO: [Project 1-313] Project file moved from 'D:/09_My_Document/01_Competition_about/fpga/FPGACT137X/my_code/007_key' since last save.
Scanning sources...
Finished scanning sources
INFO: [IP_Flow 19-234] Refreshing IP repositories
INFO: [IP_Flow 19-1704] No user IP repositories specified
INFO: [IP_Flow 19-2313] Loaded Vivado IP repository 'D:/02_SDK2/Vivado/Vivado/2018.3/data/ip'.
open_project: Time (s): cpu = 00:00:05 ; elapsed = 00:00:08 . Memory (MB): peak = 794.910 ; gain = 178.504
update_compile_order -fileset sources_1
exit
INFO: [Common 17-206] Exiting Vivado at Mon Dec  2 12:47:38 2024...
