
*** Running vivado
    with args -log top.vds -m64 -product Vivado -mode batch -messageDb vivado.pb -notrace -source top.tcl


****** Vivado v2018.3 (64-bit)
  **** SW Build 2405991 on Thu Dec  6 23:38:27 MST 2018
  **** IP Build 2404404 on Fri Dec  7 01:43:56 MST 2018
    ** Copyright 1986-2018 Xilinx, Inc. All Rights Reserved.

Sourcing tcl script 'D:/02_SDK2/Vivado/Vivado/2018.3/scripts/Vivado_init.tcl'
source top.tcl -notrace
Command: synth_design -top top -part xc7s6ftgb196-1
Starting synth_design
Attempting to get a license for feature 'Synthesis' and/or device 'xc7s6'
INFO: [Common 17-349] Got license for feature 'Synthesis' and/or device 'xc7s6'
INFO: Launching helper process for spawning children vivado processes
INFO: Helper process launched with PID 36316 
---------------------------------------------------------------------------------
Starting RTL Elaboration : Time (s): cpu = 00:00:00 ; elapsed = 00:00:02 . Memory (MB): peak = 430.762 ; gain = 97.715
---------------------------------------------------------------------------------
INFO: [Synth 8-6157] synthesizing module 'top' [D:/01_my_document/desktop/01_contest_about/07_FPGA_files/CT137Xilinx/my_code/009_at24c02_WandR/009_at24c02.srcs/sources_1/new/top.v:1]
INFO: [Synth 8-6157] synthesizing module 'e2prom' [D:/01_my_document/desktop/01_contest_about/07_FPGA_files/CT137Xilinx/my_code/009_at24c02_WandR/009_at24c02.srcs/sources_1/new/e2prom.v:1]
	Parameter IDLE bound to: 6'b000001 
	Parameter WR_REQ bound to: 6'b000010 
	Parameter WR_WAIT bound to: 6'b000100 
	Parameter RD_REQ bound to: 6'b001000 
	Parameter RD_WAIT bound to: 6'b010000 
	Parameter DONE bound to: 6'b100000 
	Parameter WR_CTRL_BYTE bound to: 8'b10100000 
	Parameter RD_CTRL_BYTE bound to: 8'b10100001 
INFO: [Synth 8-6157] synthesizing module 'i2c' [D:/01_my_document/desktop/01_contest_about/07_FPGA_files/CT137Xilinx/my_code/009_at24c02_WandR/009_at24c02.srcs/sources_1/new/i2c.v:1]
	Parameter IDLE bound to: 7'b0000001 
	Parameter START bound to: 7'b0000010 
	Parameter WR_DATA bound to: 7'b0000100 
	Parameter RD_DATA bound to: 7'b0001000 
	Parameter R_ACK bound to: 7'b0010000 
	Parameter T_ACK bound to: 7'b0100000 
	Parameter STOP bound to: 7'b1000000 
	Parameter T bound to: 100000 - type: integer 
	Parameter SCL_MAX bound to: 500 - type: integer 
	Parameter SCL_LOW_HALF bound to: 124 - type: integer 
	Parameter SCL_HIGH_HALF bound to: 374 - type: integer 
INFO: [Synth 8-6155] done synthesizing module 'i2c' (1#1) [D:/01_my_document/desktop/01_contest_about/07_FPGA_files/CT137Xilinx/my_code/009_at24c02_WandR/009_at24c02.srcs/sources_1/new/i2c.v:1]
WARNING: [Synth 8-350] instance 'inst_i2c' of module 'i2c' requires 11 connections, but only 10 given [D:/01_my_document/desktop/01_contest_about/07_FPGA_files/CT137Xilinx/my_code/009_at24c02_WandR/009_at24c02.srcs/sources_1/new/e2prom.v:247]
INFO: [Synth 8-6155] done synthesizing module 'e2prom' (2#1) [D:/01_my_document/desktop/01_contest_about/07_FPGA_files/CT137Xilinx/my_code/009_at24c02_WandR/009_at24c02.srcs/sources_1/new/e2prom.v:1]
INFO: [Synth 8-6157] synthesizing module 'smg' [D:/01_my_document/desktop/01_contest_about/07_FPGA_files/CT137Xilinx/my_code/009_at24c02_WandR/009_at24c02.srcs/sources_1/new/smg.v:1]
	Parameter CNT_WAIT_MAX bound to: 25'b0000000001100001101001111 
	Parameter SEG_0 bound to: 8'b11000000 
	Parameter SEG_1 bound to: 8'b11111001 
	Parameter SEG_2 bound to: 8'b10100100 
	Parameter SEG_3 bound to: 8'b10110000 
	Parameter SEG_4 bound to: 8'b10011001 
	Parameter SEG_5 bound to: 8'b10010010 
	Parameter SEG_6 bound to: 8'b10000010 
	Parameter SEG_7 bound to: 8'b11111000 
	Parameter SEG_8 bound to: 8'b10000000 
	Parameter SEG_9 bound to: 8'b10010000 
	Parameter SEG_A bound to: 8'b10001000 
	Parameter SEG_B bound to: 8'b10000011 
	Parameter SEG_C bound to: 8'b11000110 
	Parameter SEG_D bound to: 8'b10100001 
	Parameter SEG_E bound to: 8'b10000110 
	Parameter SEG_F bound to: 8'b10001110 
	Parameter SEG_X bound to: 8'b10111111 
	Parameter IDLE bound to: 8'b11111111 
	Parameter SEG_C7 bound to: 8'b00000001 
	Parameter SEG_C6 bound to: 8'b00000010 
	Parameter SEG_C5 bound to: 8'b00000100 
	Parameter SEG_C4 bound to: 8'b00001000 
	Parameter SEG_C3 bound to: 8'b00010000 
	Parameter SEG_C2 bound to: 8'b00100000 
	Parameter SEG_C1 bound to: 8'b01000000 
	Parameter SEG_C0 bound to: 8'b10000000 
INFO: [Synth 8-226] default block is never used [D:/01_my_document/desktop/01_contest_about/07_FPGA_files/CT137Xilinx/my_code/009_at24c02_WandR/009_at24c02.srcs/sources_1/new/smg.v:78]
INFO: [Synth 8-226] default block is never used [D:/01_my_document/desktop/01_contest_about/07_FPGA_files/CT137Xilinx/my_code/009_at24c02_WandR/009_at24c02.srcs/sources_1/new/smg.v:141]
WARNING: [Synth 8-5788] Register cnt_reg in module smg is has both Set and reset with same priority. This may cause simulation mismatches. Consider rewriting code  [D:/01_my_document/desktop/01_contest_about/07_FPGA_files/CT137Xilinx/my_code/009_at24c02_WandR/009_at24c02.srcs/sources_1/new/smg.v:50]
INFO: [Synth 8-6155] done synthesizing module 'smg' (3#1) [D:/01_my_document/desktop/01_contest_about/07_FPGA_files/CT137Xilinx/my_code/009_at24c02_WandR/009_at24c02.srcs/sources_1/new/smg.v:1]
WARNING: [Synth 8-5788] Register wr_data_vld_reg in module top is has both Set and reset with same priority. This may cause simulation mismatches. Consider rewriting code  [D:/01_my_document/desktop/01_contest_about/07_FPGA_files/CT137Xilinx/my_code/009_at24c02_WandR/009_at24c02.srcs/sources_1/new/top.v:35]
INFO: [Synth 8-6155] done synthesizing module 'top' (4#1) [D:/01_my_document/desktop/01_contest_about/07_FPGA_files/CT137Xilinx/my_code/009_at24c02_WandR/009_at24c02.srcs/sources_1/new/top.v:1]
WARNING: [Synth 8-3331] design e2prom has unconnected port device_id[6]
WARNING: [Synth 8-3331] design e2prom has unconnected port device_id[5]
WARNING: [Synth 8-3331] design e2prom has unconnected port device_id[4]
WARNING: [Synth 8-3331] design e2prom has unconnected port device_id[3]
WARNING: [Synth 8-3331] design e2prom has unconnected port device_id[2]
WARNING: [Synth 8-3331] design e2prom has unconnected port device_id[1]
WARNING: [Synth 8-3331] design e2prom has unconnected port device_id[0]
WARNING: [Synth 8-3331] design e2prom has unconnected port wr_data_vld
---------------------------------------------------------------------------------
Finished RTL Elaboration : Time (s): cpu = 00:00:01 ; elapsed = 00:00:02 . Memory (MB): peak = 487.250 ; gain = 154.203
---------------------------------------------------------------------------------

Report Check Netlist: 
+------+------------------+-------+---------+-------+------------------+
|      |Item              |Errors |Warnings |Status |Description       |
+------+------------------+-------+---------+-------+------------------+
|1     |multi_driven_nets |      0|        0|Passed |Multi driven nets |
+------+------------------+-------+---------+-------+------------------+
---------------------------------------------------------------------------------
Start Handling Custom Attributes
---------------------------------------------------------------------------------
---------------------------------------------------------------------------------
Finished Handling Custom Attributes : Time (s): cpu = 00:00:01 ; elapsed = 00:00:03 . Memory (MB): peak = 487.250 ; gain = 154.203
---------------------------------------------------------------------------------
---------------------------------------------------------------------------------
Finished RTL Optimization Phase 1 : Time (s): cpu = 00:00:01 ; elapsed = 00:00:03 . Memory (MB): peak = 487.250 ; gain = 154.203
---------------------------------------------------------------------------------
INFO: [Device 21-403] Loading part xc7s6ftgb196-1
INFO: [Project 1-570] Preparing netlist for logic optimization

Processing XDC Constraints
Initializing timing engine
Parsing XDC File [D:/01_my_document/desktop/01_contest_about/07_FPGA_files/CT137Xilinx/my_code/009_at24c02_WandR/009_at24c02.srcs/constrs_1/new/sm.xdc]
WARNING: [Vivado 12-584] No ports matched 'spi_clk'. [D:/01_my_document/desktop/01_contest_about/07_FPGA_files/CT137Xilinx/my_code/009_at24c02_WandR/009_at24c02.srcs/constrs_1/new/sm.xdc:104]
CRITICAL WARNING: [Common 17-55] 'set_property' expects at least one object. [D:/01_my_document/desktop/01_contest_about/07_FPGA_files/CT137Xilinx/my_code/009_at24c02_WandR/009_at24c02.srcs/constrs_1/new/sm.xdc:104]
Resolution: If [get_<value>] was used to populate the object, check to make sure this command returns at least one valid object.
WARNING: [Vivado 12-584] No ports matched 'spi_miso'. [D:/01_my_document/desktop/01_contest_about/07_FPGA_files/CT137Xilinx/my_code/009_at24c02_WandR/009_at24c02.srcs/constrs_1/new/sm.xdc:105]
CRITICAL WARNING: [Common 17-55] 'set_property' expects at least one object. [D:/01_my_document/desktop/01_contest_about/07_FPGA_files/CT137Xilinx/my_code/009_at24c02_WandR/009_at24c02.srcs/constrs_1/new/sm.xdc:105]
Resolution: If [get_<value>] was used to populate the object, check to make sure this command returns at least one valid object.
WARNING: [Vivado 12-584] No ports matched 'spi_mosi'. [D:/01_my_document/desktop/01_contest_about/07_FPGA_files/CT137Xilinx/my_code/009_at24c02_WandR/009_at24c02.srcs/constrs_1/new/sm.xdc:106]
CRITICAL WARNING: [Common 17-55] 'set_property' expects at least one object. [D:/01_my_document/desktop/01_contest_about/07_FPGA_files/CT137Xilinx/my_code/009_at24c02_WandR/009_at24c02.srcs/constrs_1/new/sm.xdc:106]
Resolution: If [get_<value>] was used to populate the object, check to make sure this command returns at least one valid object.
WARNING: [Vivado 12-584] No ports matched 'spi_csn'. [D:/01_my_document/desktop/01_contest_about/07_FPGA_files/CT137Xilinx/my_code/009_at24c02_WandR/009_at24c02.srcs/constrs_1/new/sm.xdc:107]
CRITICAL WARNING: [Common 17-55] 'set_property' expects at least one object. [D:/01_my_document/desktop/01_contest_about/07_FPGA_files/CT137Xilinx/my_code/009_at24c02_WandR/009_at24c02.srcs/constrs_1/new/sm.xdc:107]
Resolution: If [get_<value>] was used to populate the object, check to make sure this command returns at least one valid object.
WARNING: [Vivado 12-584] No ports matched 'spi_clk'. [D:/01_my_document/desktop/01_contest_about/07_FPGA_files/CT137Xilinx/my_code/009_at24c02_WandR/009_at24c02.srcs/constrs_1/new/sm.xdc:109]
CRITICAL WARNING: [Common 17-55] 'set_property' expects at least one object. [D:/01_my_document/desktop/01_contest_about/07_FPGA_files/CT137Xilinx/my_code/009_at24c02_WandR/009_at24c02.srcs/constrs_1/new/sm.xdc:109]
Resolution: If [get_<value>] was used to populate the object, check to make sure this command returns at least one valid object.
WARNING: [Vivado 12-584] No ports matched 'spi_miso'. [D:/01_my_document/desktop/01_contest_about/07_FPGA_files/CT137Xilinx/my_code/009_at24c02_WandR/009_at24c02.srcs/constrs_1/new/sm.xdc:110]
CRITICAL WARNING: [Common 17-55] 'set_property' expects at least one object. [D:/01_my_document/desktop/01_contest_about/07_FPGA_files/CT137Xilinx/my_code/009_at24c02_WandR/009_at24c02.srcs/constrs_1/new/sm.xdc:110]
Resolution: If [get_<value>] was used to populate the object, check to make sure this command returns at least one valid object.
WARNING: [Vivado 12-584] No ports matched 'spi_mosi'. [D:/01_my_document/desktop/01_contest_about/07_FPGA_files/CT137Xilinx/my_code/009_at24c02_WandR/009_at24c02.srcs/constrs_1/new/sm.xdc:111]
CRITICAL WARNING: [Common 17-55] 'set_property' expects at least one object. [D:/01_my_document/desktop/01_contest_about/07_FPGA_files/CT137Xilinx/my_code/009_at24c02_WandR/009_at24c02.srcs/constrs_1/new/sm.xdc:111]
Resolution: If [get_<value>] was used to populate the object, check to make sure this command returns at least one valid object.
WARNING: [Vivado 12-584] No ports matched 'spi_csn'. [D:/01_my_document/desktop/01_contest_about/07_FPGA_files/CT137Xilinx/my_code/009_at24c02_WandR/009_at24c02.srcs/constrs_1/new/sm.xdc:112]
CRITICAL WARNING: [Common 17-55] 'set_property' expects at least one object. [D:/01_my_document/desktop/01_contest_about/07_FPGA_files/CT137Xilinx/my_code/009_at24c02_WandR/009_at24c02.srcs/constrs_1/new/sm.xdc:112]
Resolution: If [get_<value>] was used to populate the object, check to make sure this command returns at least one valid object.
Finished Parsing XDC File [D:/01_my_document/desktop/01_contest_about/07_FPGA_files/CT137Xilinx/my_code/009_at24c02_WandR/009_at24c02.srcs/constrs_1/new/sm.xdc]
INFO: [Project 1-236] Implementation specific constraints were found while reading constraint file [D:/01_my_document/desktop/01_contest_about/07_FPGA_files/CT137Xilinx/my_code/009_at24c02_WandR/009_at24c02.srcs/constrs_1/new/sm.xdc]. These constraints will be ignored for synthesis but will be used in implementation. Impacted constraints are listed in the file [.Xil/top_propImpl.xdc].
Resolution: To avoid this warning, move constraints listed in [.Xil/top_propImpl.xdc] to another XDC file and exclude this new file from synthesis with the used_in_synthesis property (File Properties dialog in GUI) and re-run elaboration/synthesis.
Netlist sorting complete. Time (s): cpu = 00:00:00 ; elapsed = 00:00:00 . Memory (MB): peak = 784.348 ; gain = 0.000
Completed Processing XDC Constraints

Netlist sorting complete. Time (s): cpu = 00:00:00 ; elapsed = 00:00:00.001 . Memory (MB): peak = 784.348 ; gain = 0.000
INFO: [Project 1-111] Unisim Transformation Summary:
No Unisim elements were transformed.

Netlist sorting complete. Time (s): cpu = 00:00:00 ; elapsed = 00:00:00 . Memory (MB): peak = 784.348 ; gain = 0.000
Constraint Validation Runtime : Time (s): cpu = 00:00:00 ; elapsed = 00:00:00.001 . Memory (MB): peak = 784.348 ; gain = 0.000
---------------------------------------------------------------------------------
Finished Constraint Validation : Time (s): cpu = 00:00:03 ; elapsed = 00:00:08 . Memory (MB): peak = 784.348 ; gain = 451.301
---------------------------------------------------------------------------------
---------------------------------------------------------------------------------
Start Loading Part and Timing Information
---------------------------------------------------------------------------------
Loading part: xc7s6ftgb196-1
---------------------------------------------------------------------------------
Finished Loading Part and Timing Information : Time (s): cpu = 00:00:03 ; elapsed = 00:00:08 . Memory (MB): peak = 784.348 ; gain = 451.301
---------------------------------------------------------------------------------
---------------------------------------------------------------------------------
Start Applying 'set_property' XDC Constraints
---------------------------------------------------------------------------------
---------------------------------------------------------------------------------
Finished applying 'set_property' XDC Constraints : Time (s): cpu = 00:00:03 ; elapsed = 00:00:08 . Memory (MB): peak = 784.348 ; gain = 451.301
---------------------------------------------------------------------------------
INFO: [Synth 8-802] inferred FSM for state register 'cstate_reg' in module 'i2c'
INFO: [Synth 8-5546] ROM "sda_out" won't be mapped to RAM because it is too sparse
INFO: [Synth 8-5546] ROM "sda_out" won't be mapped to RAM because it is too sparse
INFO: [Synth 8-5546] ROM "sda_out" won't be mapped to RAM because it is too sparse
INFO: [Synth 8-5546] ROM "nstate" won't be mapped to RAM because it is too sparse
INFO: [Synth 8-5546] ROM "num" won't be mapped to RAM because it is too sparse
INFO: [Synth 8-5544] ROM "nstate" won't be mapped to Block RAM because address size (1) smaller than threshold (5)
INFO: [Synth 8-5544] ROM "nstate" won't be mapped to Block RAM because address size (1) smaller than threshold (5)
INFO: [Synth 8-5544] ROM "nstate" won't be mapped to Block RAM because address size (1) smaller than threshold (5)
INFO: [Synth 8-5544] ROM "nstate" won't be mapped to Block RAM because address size (1) smaller than threshold (5)
INFO: [Synth 8-5544] ROM "nstate" won't be mapped to Block RAM because address size (1) smaller than threshold (5)
INFO: [Synth 8-5544] ROM "nstate" won't be mapped to Block RAM because address size (1) smaller than threshold (5)
INFO: [Synth 8-5544] ROM "nstate" won't be mapped to Block RAM because address size (1) smaller than threshold (5)
INFO: [Synth 8-802] inferred FSM for state register 'cstate_reg' in module 'e2prom'
INFO: [Synth 8-5546] ROM "nstate" won't be mapped to RAM because it is too sparse
INFO: [Synth 8-5544] ROM "nstate" won't be mapped to Block RAM because address size (1) smaller than threshold (5)
INFO: [Synth 8-5544] ROM "nstate" won't be mapped to Block RAM because address size (1) smaller than threshold (5)
INFO: [Synth 8-5544] ROM "nstate" won't be mapped to Block RAM because address size (1) smaller than threshold (5)
INFO: [Synth 8-5544] ROM "nstate" won't be mapped to Block RAM because address size (1) smaller than threshold (5)
INFO: [Synth 8-5544] ROM "nstate" won't be mapped to Block RAM because address size (1) smaller than threshold (5)
INFO: [Synth 8-5544] ROM "nstate" won't be mapped to Block RAM because address size (1) smaller than threshold (5)
INFO: [Synth 8-802] inferred FSM for state register 'c_status_reg' in module 'smg'
INFO: [Synth 8-5545] ROM "cnt_data" won't be mapped to RAM because address size (32) is larger than maximum supported(25)
INFO: [Synth 8-5545] ROM "cnt" won't be mapped to RAM because address size (32) is larger than maximum supported(25)
INFO: [Synth 8-5544] ROM "seg_a0" won't be mapped to Block RAM because address size (3) smaller than threshold (5)
INFO: [Synth 8-5544] ROM "c_status" won't be mapped to Block RAM because address size (3) smaller than threshold (5)
---------------------------------------------------------------------------------------------------
                   State |                     New Encoding |                Previous Encoding 
---------------------------------------------------------------------------------------------------
*
                    IDLE |                          0000001 |                          0000001
                   START |                          0000010 |                          0000010
                 WR_DATA |                          0000100 |                          0000100
                   R_ACK |                          0010000 |                          0010000
                 RD_DATA |                          0001000 |                          0001000
                   T_ACK |                          0100000 |                          0100000
                    STOP |                          1000000 |                          1000000
---------------------------------------------------------------------------------------------------
INFO: [Synth 8-3898] No Re-encoding of one hot register 'cstate_reg' in module 'i2c'
---------------------------------------------------------------------------------------------------
                   State |                     New Encoding |                Previous Encoding 
---------------------------------------------------------------------------------------------------
*
                    IDLE |                           000001 |                           000001
                  WR_REQ |                           000010 |                           000010
                 WR_WAIT |                           000100 |                           000100
                  RD_REQ |                           001000 |                           001000
                 RD_WAIT |                           010000 |                           010000
                    DONE |                           100000 |                           100000
---------------------------------------------------------------------------------------------------
INFO: [Synth 8-3898] No Re-encoding of one hot register 'cstate_reg' in module 'e2prom'
---------------------------------------------------------------------------------------------------
                   State |                     New Encoding |                Previous Encoding 
---------------------------------------------------------------------------------------------------
                  iSTATE |                              000 |                              000
                 iSTATE0 |                              001 |                              001
                 iSTATE1 |                              010 |                              010
                 iSTATE2 |                              011 |                              011
                 iSTATE3 |                              100 |                              100
                 iSTATE4 |                              101 |                              101
                 iSTATE5 |                              110 |                              110
                 iSTATE6 |                              111 |                              111
---------------------------------------------------------------------------------------------------
INFO: [Synth 8-3354] encoded FSM with state register 'c_status_reg' using encoding 'sequential' in module 'smg'
---------------------------------------------------------------------------------
Finished RTL Optimization Phase 2 : Time (s): cpu = 00:00:03 ; elapsed = 00:00:09 . Memory (MB): peak = 784.348 ; gain = 451.301
---------------------------------------------------------------------------------

Report RTL Partitions: 
+-+--------------+------------+----------+
| |RTL Partition |Replication |Instances |
+-+--------------+------------+----------+
+-+--------------+------------+----------+
---------------------------------------------------------------------------------
Start RTL Component Statistics 
---------------------------------------------------------------------------------
Detailed RTL Component Info : 
+---Adders : 
	   2 Input     32 Bit       Adders := 4     
	   2 Input      9 Bit       Adders := 1     
	   2 Input      4 Bit       Adders := 1     
	   2 Input      3 Bit       Adders := 1     
+---Registers : 
	               32 Bit    Registers := 1     
	               16 Bit    Registers := 1     
	                9 Bit    Registers := 1     
	                8 Bit    Registers := 8     
	                5 Bit    Registers := 2     
	                4 Bit    Registers := 2     
	                3 Bit    Registers := 2     
	                1 Bit    Registers := 12    
+---Muxes : 
	   2 Input     32 Bit        Muxes := 1     
	   2 Input      9 Bit        Muxes := 1     
	   3 Input      8 Bit        Muxes := 2     
	   6 Input      8 Bit        Muxes := 1     
	   4 Input      8 Bit        Muxes := 1     
	   8 Input      8 Bit        Muxes := 1     
	   2 Input      8 Bit        Muxes := 4     
	   8 Input      7 Bit        Muxes := 1     
	   2 Input      7 Bit        Muxes := 3     
	   2 Input      6 Bit        Muxes := 5     
	   7 Input      6 Bit        Muxes := 1     
	   2 Input      5 Bit        Muxes := 4     
	   2 Input      4 Bit        Muxes := 8     
	   8 Input      4 Bit        Muxes := 2     
	   6 Input      4 Bit        Muxes := 2     
	   4 Input      4 Bit        Muxes := 2     
	   3 Input      4 Bit        Muxes := 2     
	   2 Input      3 Bit        Muxes := 4     
	   3 Input      3 Bit        Muxes := 1     
	   8 Input      3 Bit        Muxes := 1     
	   3 Input      2 Bit        Muxes := 1     
	   2 Input      1 Bit        Muxes := 27    
	   8 Input      1 Bit        Muxes := 1     
	   6 Input      1 Bit        Muxes := 3     
	   3 Input      1 Bit        Muxes := 3     
	   4 Input      1 Bit        Muxes := 1     
	   7 Input      1 Bit        Muxes := 1     
---------------------------------------------------------------------------------
Finished RTL Component Statistics 
---------------------------------------------------------------------------------
---------------------------------------------------------------------------------
Start RTL Hierarchical Component Statistics 
---------------------------------------------------------------------------------
Hierarchical RTL Component report 
Module top 
Detailed RTL Component Info : 
+---Registers : 
	                8 Bit    Registers := 2     
	                1 Bit    Registers := 4     
+---Muxes : 
	   2 Input      8 Bit        Muxes := 4     
	   3 Input      2 Bit        Muxes := 1     
	   2 Input      1 Bit        Muxes := 16    
Module i2c 
Detailed RTL Component Info : 
+---Adders : 
	   2 Input     32 Bit       Adders := 2     
	   2 Input      9 Bit       Adders := 1     
	   2 Input      4 Bit       Adders := 1     
+---Registers : 
	                9 Bit    Registers := 1     
	                8 Bit    Registers := 2     
	                5 Bit    Registers := 1     
	                4 Bit    Registers := 1     
	                1 Bit    Registers := 4     
+---Muxes : 
	   2 Input      9 Bit        Muxes := 1     
	   3 Input      8 Bit        Muxes := 1     
	   8 Input      7 Bit        Muxes := 1     
	   2 Input      7 Bit        Muxes := 3     
	   2 Input      6 Bit        Muxes := 2     
	   2 Input      5 Bit        Muxes := 2     
	   2 Input      4 Bit        Muxes := 4     
	   8 Input      4 Bit        Muxes := 1     
	   2 Input      3 Bit        Muxes := 1     
	   2 Input      1 Bit        Muxes := 7     
	   8 Input      1 Bit        Muxes := 1     
	   6 Input      1 Bit        Muxes := 2     
	   3 Input      1 Bit        Muxes := 1     
Module e2prom 
Detailed RTL Component Info : 
+---Adders : 
	   2 Input     32 Bit       Adders := 1     
	   2 Input      3 Bit       Adders := 1     
+---Registers : 
	               16 Bit    Registers := 1     
	                8 Bit    Registers := 2     
	                5 Bit    Registers := 1     
	                3 Bit    Registers := 2     
	                1 Bit    Registers := 3     
+---Muxes : 
	   6 Input      8 Bit        Muxes := 1     
	   4 Input      8 Bit        Muxes := 1     
	   3 Input      8 Bit        Muxes := 1     
	   7 Input      6 Bit        Muxes := 1     
	   2 Input      6 Bit        Muxes := 3     
	   2 Input      5 Bit        Muxes := 2     
	   6 Input      4 Bit        Muxes := 2     
	   2 Input      4 Bit        Muxes := 4     
	   4 Input      4 Bit        Muxes := 2     
	   3 Input      4 Bit        Muxes := 2     
	   3 Input      3 Bit        Muxes := 1     
	   2 Input      3 Bit        Muxes := 3     
	   2 Input      1 Bit        Muxes := 3     
	   6 Input      1 Bit        Muxes := 1     
	   4 Input      1 Bit        Muxes := 1     
	   7 Input      1 Bit        Muxes := 1     
	   3 Input      1 Bit        Muxes := 2     
Module smg 
Detailed RTL Component Info : 
+---Adders : 
	   2 Input     32 Bit       Adders := 1     
+---Registers : 
	               32 Bit    Registers := 1     
	                8 Bit    Registers := 2     
	                4 Bit    Registers := 1     
	                1 Bit    Registers := 1     
+---Muxes : 
	   2 Input     32 Bit        Muxes := 1     
	   8 Input      8 Bit        Muxes := 1     
	   8 Input      4 Bit        Muxes := 1     
	   8 Input      3 Bit        Muxes := 1     
	   2 Input      1 Bit        Muxes := 1     
---------------------------------------------------------------------------------
Finished RTL Hierarchical Component Statistics
---------------------------------------------------------------------------------
---------------------------------------------------------------------------------
Start Part Resource Summary
---------------------------------------------------------------------------------
Part Resources:
DSPs: 10 (col length:20)
BRAMs: 10 (col length: RAMB18 20 RAMB36 10)
---------------------------------------------------------------------------------
Finished Part Resource Summary
---------------------------------------------------------------------------------
---------------------------------------------------------------------------------
Start Cross Boundary and Area Optimization
---------------------------------------------------------------------------------
Warning: Parallel synthesis criteria is not met 
INFO: [Synth 8-5546] ROM "inst_eeprom/inst_i2c/num" won't be mapped to RAM because it is too sparse
INFO: [Synth 8-5546] ROM "inst_eeprom/inst_i2c/sda_out" won't be mapped to RAM because it is too sparse
INFO: [Synth 8-5546] ROM "inst_eeprom/inst_i2c/sda_out" won't be mapped to RAM because it is too sparse
INFO: [Synth 8-5546] ROM "inst_eeprom/inst_i2c/sda_out" won't be mapped to RAM because it is too sparse
INFO: [Synth 8-5545] ROM "inst_segdisplay/cnt_data" won't be mapped to RAM because address size (32) is larger than maximum supported(25)
INFO: [Synth 8-5545] ROM "inst_segdisplay/cnt" won't be mapped to RAM because address size (32) is larger than maximum supported(25)
INFO: [Synth 8-3886] merging instance 'wr_data_reg[7]' (FDCE) to 'wr_data_reg[6]'
INFO: [Synth 8-3886] merging instance 'reg_addr_reg[7]' (FDCE) to 'reg_addr_reg[6]'
INFO: [Synth 8-3886] merging instance 'wr_data_reg[6]' (FDCE) to 'wr_data_reg[5]'
INFO: [Synth 8-3886] merging instance 'reg_addr_reg[6]' (FDCE) to 'reg_addr_reg[5]'
INFO: [Synth 8-3886] merging instance 'wr_data_reg[5]' (FDCE) to 'wr_data_reg[4]'
INFO: [Synth 8-3886] merging instance 'reg_addr_reg[5]' (FDCE) to 'reg_addr_reg[4]'
INFO: [Synth 8-3886] merging instance 'wr_data_reg[4]' (FDCE) to 'wr_data_reg[3]'
INFO: [Synth 8-3886] merging instance 'reg_addr_reg[4]' (FDCE) to 'reg_addr_reg[3]'
INFO: [Synth 8-3886] merging instance 'wr_data_reg[3]' (FDCE) to 'wr_data_reg[2]'
INFO: [Synth 8-3886] merging instance 'reg_addr_reg[3]' (FDCE) to 'reg_addr_reg[2]'
INFO: [Synth 8-3333] propagating constant 0 across sequential element (\wr_data_reg[2] )
INFO: [Synth 8-3886] merging instance 'reg_addr_reg[2]' (FDCE) to 'reg_addr_reg[0]'
INFO: [Synth 8-3333] propagating constant 0 across sequential element (\inst_eeprom/num_reg[1] )
INFO: [Synth 8-3886] merging instance 'inst_eeprom/wr_data_r_reg[7]' (FDCE) to 'inst_eeprom/wr_data_r_reg[2]'
INFO: [Synth 8-3886] merging instance 'inst_eeprom/addr_r_reg[7]' (FDCE) to 'inst_eeprom/addr_r_reg[6]'
INFO: [Synth 8-3886] merging instance 'inst_eeprom/addr_r_reg[15]' (FDCE) to 'inst_eeprom/addr_r_reg[14]'
INFO: [Synth 8-3886] merging instance 'inst_eeprom/wr_data_r_reg[6]' (FDCE) to 'inst_eeprom/wr_data_r_reg[2]'
INFO: [Synth 8-3886] merging instance 'inst_eeprom/addr_r_reg[14]' (FDCE) to 'inst_eeprom/addr_r_reg[13]'
INFO: [Synth 8-3886] merging instance 'inst_eeprom/addr_r_reg[6]' (FDCE) to 'inst_eeprom/addr_r_reg[5]'
INFO: [Synth 8-3886] merging instance 'inst_eeprom/wr_data_r_reg[5]' (FDCE) to 'inst_eeprom/wr_data_r_reg[2]'
INFO: [Synth 8-3886] merging instance 'inst_eeprom/addr_r_reg[5]' (FDCE) to 'inst_eeprom/addr_r_reg[4]'
INFO: [Synth 8-3886] merging instance 'inst_eeprom/addr_r_reg[13]' (FDCE) to 'inst_eeprom/addr_r_reg[12]'
INFO: [Synth 8-3886] merging instance 'inst_eeprom/wr_data_r_reg[4]' (FDCE) to 'inst_eeprom/wr_data_r_reg[2]'
INFO: [Synth 8-3886] merging instance 'inst_eeprom/addr_r_reg[12]' (FDCE) to 'inst_eeprom/addr_r_reg[11]'
INFO: [Synth 8-3886] merging instance 'inst_eeprom/addr_r_reg[4]' (FDCE) to 'inst_eeprom/addr_r_reg[3]'
INFO: [Synth 8-3886] merging instance 'inst_eeprom/wr_data_r_reg[3]' (FDCE) to 'inst_eeprom/wr_data_r_reg[2]'
INFO: [Synth 8-3886] merging instance 'inst_eeprom/addr_r_reg[11]' (FDCE) to 'inst_eeprom/addr_r_reg[10]'
INFO: [Synth 8-3886] merging instance 'inst_eeprom/addr_r_reg[3]' (FDCE) to 'inst_eeprom/addr_r_reg[2]'
INFO: [Synth 8-3886] merging instance 'inst_eeprom/addr_r_reg[10]' (FDCE) to 'inst_eeprom/addr_r_reg[9]'
INFO: [Synth 8-3886] merging instance 'inst_eeprom/addr_r_reg[2]' (FDCE) to 'inst_eeprom/addr_r_reg[0]'
INFO: [Synth 8-3886] merging instance 'inst_eeprom/addr_r_reg[9]' (FDCE) to 'inst_eeprom/addr_r_reg[8]'
INFO: [Synth 8-3333] propagating constant 0 across sequential element (\inst_eeprom/addr_r_reg[8] )
INFO: [Synth 8-3333] propagating constant 0 across sequential element (\inst_eeprom/cmd_reg[4] )
INFO: [Synth 8-3333] propagating constant 1 across sequential element (\inst_segdisplay/seg_data_reg[7] )
INFO: [Synth 8-3886] merging instance 'inst_eeprom/op_wr_data_reg[7]' (FDCE) to 'inst_eeprom/op_wr_data_reg[5]'
INFO: [Synth 8-3886] merging instance 'inst_eeprom/op_wr_data_reg[6]' (FDCE) to 'inst_eeprom/op_wr_data_reg[2]'
INFO: [Synth 8-3886] merging instance 'inst_eeprom/op_wr_data_reg[4]' (FDCE) to 'inst_eeprom/op_wr_data_reg[2]'
INFO: [Synth 8-3886] merging instance 'inst_eeprom/op_wr_data_reg[3]' (FDCE) to 'inst_eeprom/op_wr_data_reg[2]'
INFO: [Synth 8-3886] merging instance 'inst_eeprom/inst_i2c/wr_data_r_reg[7]' (FDCE) to 'inst_eeprom/inst_i2c/wr_data_r_reg[5]'
INFO: [Synth 8-3886] merging instance 'inst_eeprom/inst_i2c/wr_data_r_reg[6]' (FDCE) to 'inst_eeprom/inst_i2c/wr_data_r_reg[2]'
INFO: [Synth 8-3886] merging instance 'inst_eeprom/inst_i2c/wr_data_r_reg[4]' (FDCE) to 'inst_eeprom/inst_i2c/wr_data_r_reg[2]'
INFO: [Synth 8-3886] merging instance 'inst_eeprom/inst_i2c/wr_data_r_reg[3]' (FDCE) to 'inst_eeprom/inst_i2c/wr_data_r_reg[2]'
---------------------------------------------------------------------------------
Finished Cross Boundary and Area Optimization : Time (s): cpu = 00:00:04 ; elapsed = 00:00:10 . Memory (MB): peak = 784.348 ; gain = 451.301
---------------------------------------------------------------------------------

Report RTL Partitions: 
+-+--------------+------------+----------+
| |RTL Partition |Replication |Instances |
+-+--------------+------------+----------+
+-+--------------+------------+----------+
---------------------------------------------------------------------------------
Start Applying XDC Timing Constraints
---------------------------------------------------------------------------------
---------------------------------------------------------------------------------
Finished Applying XDC Timing Constraints : Time (s): cpu = 00:00:06 ; elapsed = 00:00:15 . Memory (MB): peak = 784.348 ; gain = 451.301
---------------------------------------------------------------------------------
---------------------------------------------------------------------------------
Start Timing Optimization
---------------------------------------------------------------------------------
---------------------------------------------------------------------------------
Finished Timing Optimization : Time (s): cpu = 00:00:06 ; elapsed = 00:00:15 . Memory (MB): peak = 784.348 ; gain = 451.301
---------------------------------------------------------------------------------

Report RTL Partitions: 
+-+--------------+------------+----------+
| |RTL Partition |Replication |Instances |
+-+--------------+------------+----------+
+-+--------------+------------+----------+
---------------------------------------------------------------------------------
Start Technology Mapping
---------------------------------------------------------------------------------
---------------------------------------------------------------------------------
Finished Technology Mapping : Time (s): cpu = 00:00:06 ; elapsed = 00:00:15 . Memory (MB): peak = 805.824 ; gain = 472.777
---------------------------------------------------------------------------------

Report RTL Partitions: 
+-+--------------+------------+----------+
| |RTL Partition |Replication |Instances |
+-+--------------+------------+----------+
+-+--------------+------------+----------+
---------------------------------------------------------------------------------
Start IO Insertion
---------------------------------------------------------------------------------
---------------------------------------------------------------------------------
Start Flattening Before IO Insertion
---------------------------------------------------------------------------------
---------------------------------------------------------------------------------
Finished Flattening Before IO Insertion
---------------------------------------------------------------------------------
---------------------------------------------------------------------------------
Start Final Netlist Cleanup
---------------------------------------------------------------------------------
---------------------------------------------------------------------------------
Finished Final Netlist Cleanup
---------------------------------------------------------------------------------
---------------------------------------------------------------------------------
Finished IO Insertion : Time (s): cpu = 00:00:07 ; elapsed = 00:00:16 . Memory (MB): peak = 805.824 ; gain = 472.777
---------------------------------------------------------------------------------

Report Check Netlist: 
+------+------------------+-------+---------+-------+------------------+
|      |Item              |Errors |Warnings |Status |Description       |
+------+------------------+-------+---------+-------+------------------+
|1     |multi_driven_nets |      0|        0|Passed |Multi driven nets |
+------+------------------+-------+---------+-------+------------------+
---------------------------------------------------------------------------------
Start Renaming Generated Instances
---------------------------------------------------------------------------------
---------------------------------------------------------------------------------
Finished Renaming Generated Instances : Time (s): cpu = 00:00:07 ; elapsed = 00:00:16 . Memory (MB): peak = 805.824 ; gain = 472.777
---------------------------------------------------------------------------------

Report RTL Partitions: 
+-+--------------+------------+----------+
| |RTL Partition |Replication |Instances |
+-+--------------+------------+----------+
+-+--------------+------------+----------+
---------------------------------------------------------------------------------
Start Rebuilding User Hierarchy
---------------------------------------------------------------------------------
---------------------------------------------------------------------------------
Finished Rebuilding User Hierarchy : Time (s): cpu = 00:00:07 ; elapsed = 00:00:16 . Memory (MB): peak = 805.824 ; gain = 472.777
---------------------------------------------------------------------------------
---------------------------------------------------------------------------------
Start Renaming Generated Ports
---------------------------------------------------------------------------------
---------------------------------------------------------------------------------
Finished Renaming Generated Ports : Time (s): cpu = 00:00:07 ; elapsed = 00:00:16 . Memory (MB): peak = 805.824 ; gain = 472.777
---------------------------------------------------------------------------------
---------------------------------------------------------------------------------
Start Handling Custom Attributes
---------------------------------------------------------------------------------
---------------------------------------------------------------------------------
Finished Handling Custom Attributes : Time (s): cpu = 00:00:07 ; elapsed = 00:00:16 . Memory (MB): peak = 805.824 ; gain = 472.777
---------------------------------------------------------------------------------
---------------------------------------------------------------------------------
Start Renaming Generated Nets
---------------------------------------------------------------------------------
---------------------------------------------------------------------------------
Finished Renaming Generated Nets : Time (s): cpu = 00:00:07 ; elapsed = 00:00:16 . Memory (MB): peak = 805.824 ; gain = 472.777
---------------------------------------------------------------------------------
---------------------------------------------------------------------------------
Start Writing Synthesis Report
---------------------------------------------------------------------------------

Report BlackBoxes: 
+-+--------------+----------+
| |BlackBox name |Instances |
+-+--------------+----------+
+-+--------------+----------+

Report Cell Usage: 
+------+-------+------+
|      |Cell   |Count |
+------+-------+------+
|1     |BUFG   |     1|
|2     |CARRY4 |    12|
|3     |LUT1   |     4|
|4     |LUT2   |    22|
|5     |LUT3   |    25|
|6     |LUT4   |    28|
|7     |LUT5   |    65|
|8     |LUT6   |    60|
|9     |FDCE   |   102|
|10    |FDPE   |    22|
|11    |FDRE   |     1|
|12    |IBUF   |     6|
|13    |IOBUF  |     1|
|14    |OBUF   |    17|
+------+-------+------+

Report Instance Areas: 
+------+------------------+-------+------+
|      |Instance          |Module |Cells |
+------+------------------+-------+------+
|1     |top               |       |   366|
|2     |  inst_eeprom     |e2prom |   208|
|3     |    inst_i2c      |i2c    |   132|
|4     |  inst_segdisplay |smg    |   126|
+------+------------------+-------+------+
---------------------------------------------------------------------------------
Finished Writing Synthesis Report : Time (s): cpu = 00:00:07 ; elapsed = 00:00:16 . Memory (MB): peak = 805.824 ; gain = 472.777
---------------------------------------------------------------------------------
Synthesis finished with 0 errors, 0 critical warnings and 0 warnings.
Synthesis Optimization Runtime : Time (s): cpu = 00:00:05 ; elapsed = 00:00:12 . Memory (MB): peak = 805.824 ; gain = 175.680
Synthesis Optimization Complete : Time (s): cpu = 00:00:07 ; elapsed = 00:00:16 . Memory (MB): peak = 805.824 ; gain = 472.777
INFO: [Project 1-571] Translating synthesized netlist
INFO: [Netlist 29-17] Analyzing 13 Unisim elements for replacement
INFO: [Netlist 29-28] Unisim Transformation completed in 0 CPU seconds
INFO: [Project 1-570] Preparing netlist for logic optimization
INFO: [Opt 31-138] Pushed 0 inverter(s) to 0 load pin(s).
Netlist sorting complete. Time (s): cpu = 00:00:00 ; elapsed = 00:00:00 . Memory (MB): peak = 805.824 ; gain = 0.000
INFO: [Project 1-111] Unisim Transformation Summary:
  A total of 1 instances were transformed.
  IOBUF => IOBUF (IBUF, OBUFT): 1 instances

INFO: [Common 17-83] Releasing license: Synthesis
99 Infos, 19 Warnings, 8 Critical Warnings and 0 Errors encountered.
synth_design completed successfully
synth_design: Time (s): cpu = 00:00:08 ; elapsed = 00:00:18 . Memory (MB): peak = 805.824 ; gain = 485.930
INFO: [Common 17-600] The following parameters have non-default value.
general.maxThreads
Netlist sorting complete. Time (s): cpu = 00:00:00 ; elapsed = 00:00:00.001 . Memory (MB): peak = 805.824 ; gain = 0.000
WARNING: [Constraints 18-5210] No constraints selected for write.
Resolution: This message can indicate that there are no constraints for the design, or it can indicate that the used_in flags are set such that the constraints are ignored. This later case is used when running synth_design to not write synthesis constraints to the resulting checkpoint. Instead, project constraints are read when the synthesized design is opened.
INFO: [Common 17-1381] The checkpoint 'D:/01_my_document/desktop/01_contest_about/07_FPGA_files/CT137Xilinx/my_code/009_at24c02_WandR/009_at24c02.runs/synth_1/top.dcp' has been generated.
INFO: [runtcl-4] Executing : report_utilization -file top_utilization_synth.rpt -pb top_utilization_synth.pb
INFO: [Common 17-206] Exiting Vivado at Thu Dec 19 20:02:57 2024...
