Copyright 1986-2018 Xilinx, Inc. All Rights Reserved.
------------------------------------------------------------------------------------
| Tool Version : Vivado v.2018.3 (win64) Build 2405991 Thu Dec  6 23:38:27 MST 2018
| Date         : Tue Dec  3 13:37:17 2024
| Host         : Z1R343L running 64-bit major release  (build 9200)
| Command      : report_control_sets -verbose -file main_control_sets_placed.rpt
| Design       : main
| Device       : xc7s6
------------------------------------------------------------------------------------

Control Set Information

Table of Contents
-----------------
1. Summary
2. Histogram
3. Flip-Flop Distribution
4. Detailed Control Set Information

1. Summary
----------

+----------------------------------------------------------+-------+
|                          Status                          | Count |
+----------------------------------------------------------+-------+
| Number of unique control sets                            |     6 |
| Unused register locations in slices containing registers |    24 |
+----------------------------------------------------------+-------+


2. Histogram
------------

+--------+--------------+
| Fanout | Control Sets |
+--------+--------------+
|      3 |            2 |
|      5 |            1 |
|     11 |            1 |
|    16+ |            2 |
+--------+--------------+


3. Flip-Flop Distribution
-------------------------

+--------------+-----------------------+------------------------+-----------------+--------------+
| Clock Enable | Synchronous Set/Reset | Asynchronous Set/Reset | Total Registers | Total Slices |
+--------------+-----------------------+------------------------+-----------------+--------------+
| No           | No                    | No                     |               0 |            0 |
| No           | No                    | Yes                    |             144 |           42 |
| No           | Yes                   | No                     |               0 |            0 |
| Yes          | No                    | No                     |              11 |            8 |
| Yes          | No                    | Yes                    |               5 |            2 |
| Yes          | Yes                   | No                     |               0 |            0 |
+--------------+-----------------------+------------------------+-----------------+--------------+


4. Detailed Control Set Information
-----------------------------------

+----------------------------+----------------------------------------+------------------+------------------+----------------+
|        Clock Signal        |              Enable Signal             | Set/Reset Signal | Slice Load Count | Bel Load Count |
+----------------------------+----------------------------------------+------------------+------------------+----------------+
|  smg_init/smg_time/CLK     |                                        | rst_IBUF         |                1 |              3 |
|  led_init/led_tim/clk_10hz |                                        | rst_IBUF         |                1 |              3 |
|  clk_IBUF_BUFG             | key_init/FSM_onehot_key_val[4]_i_1_n_0 | rst_IBUF         |                2 |              5 |
|  clk_IBUF_BUFG             | key_init/date[10]_i_1_n_0              |                  |                8 |             11 |
|  key_init/key_time/CLK     |                                        | rst_IBUF         |                5 |             20 |
|  clk_IBUF_BUFG             |                                        | rst_IBUF         |               35 |            118 |
+----------------------------+----------------------------------------+------------------+------------------+----------------+


